{"meta": {"format": 3, "version": "7.11.3", "timestamp": "2025-11-12T12:49:16.001050", "branch_coverage": false, "show_contexts": false}, "files": {"app/__init__.py": {"executed_lines": [1, 5], "summary": {"covered_lines": 1, "num_statements": 1, "percent_covered": 100.0, "percent_covered_display": "100", "missing_lines": 0, "excluded_lines": 0}, "missing_lines": [], "excluded_lines": [], "functions": {"": {"executed_lines": [1, 5], "summary": {"covered_lines": 1, "num_statements": 1, "percent_covered": 100.0, "percent_covered_display": "100", "missing_lines": 0, "excluded_lines": 0}, "missing_lines": [], "excluded_lines": []}}, "classes": {"": {"executed_lines": [1, 5], "summary": {"covered_lines": 1, "num_statements": 1, "percent_covered": 100.0, "percent_covered_display": "100", "missing_lines": 0, "excluded_lines": 0}, "missing_lines": [], "excluded_lines": []}}}, "app/api/__init__.py": {"executed_lines": [1, 5, 7], "summary": {"covered_lines": 2, "num_statements": 2, "percent_covered": 100.0, "percent_covered_display": "100", "missing_lines": 0, "excluded_lines": 0}, "missing_lines": [], "excluded_lines": [], "functions": {"": {"executed_lines": [1, 5, 7], "summary": {"covered_lines": 2, "num_statements": 2, "percent_covered": 100.0, "percent_covered_display": "100", "missing_lines": 0, "excluded_lines": 0}, "missing_lines": [], "excluded_lines": []}}, "classes": {"": {"executed_lines": [1, 5, 7], "summary": {"covered_lines": 2, "num_statements": 2, "percent_covered": 100.0, "percent_covered_display": "100", "missing_lines": 0, "excluded_lines": 0}, "missing_lines": [], "excluded_lines": []}}}, "app/api/admin.py": {"executed_lines": [1, 6, 8, 9, 10, 11, 12, 13, 15, 18, 24, 75, 80], "summary": {"covered_lines": 12, "num_statements": 35, "percent_covered": 34.285714285714285, "percent_covered_display": "34", "missing_lines": 23, "excluded_lines": 0}, "missing_lines": [39, 40, 42, 43, 44, 45, 47, 48, 50, 51, 53, 55, 56, 58, 67, 68, 69, 70, 71, 72, 93, 103, 105], "excluded_lines": [], "functions": {"get_stats": {"executed_lines": [], "summary": {"covered_lines": 0, "num_statements": 20, "percent_covered": 0.0, "percent_covered_display": "0", "missing_lines": 20, "excluded_lines": 0}, "missing_lines": [39, 40, 42, 43, 44, 45, 47, 48, 50, 51, 53, 55, 56, 58, 67, 68, 69, 70, 71, 72], "excluded_lines": []}, "get_dashboard_summary": {"executed_lines": [], "summary": {"covered_lines": 0, "num_statements": 3, "percent_covered": 0.0, "percent_covered_display": "0", "missing_lines": 3, "excluded_lines": 0}, "missing_lines": [93, 103, 105], "excluded_lines": []}, "": {"executed_lines": [1, 6, 8, 9, 10, 11, 12, 13, 15, 18, 24, 75, 80], "summary": {"covered_lines": 12, "num_statements": 12, "percent_covered": 100.0, "percent_covered_display": "100", "missing_lines": 0, "excluded_lines": 0}, "missing_lines": [], "excluded_lines": []}}, "classes": {"": {"executed_lines": [1, 6, 8, 9, 10, 11, 12, 13, 15, 18, 24, 75, 80], "summary": {"covered_lines": 12, "num_statements": 35, "percent_covered": 34.285714285714285, "percent_covered_display": "34", "missing_lines": 23, "excluded_lines": 0}, "missing_lines": [39, 40, 42, 43, 44, 45, 47, 48, 50, 51, 53, 55, 56, 58, 67, 68, 69, 70, 71, 72, 93, 103, 105], "excluded_lines": []}}}, "app/api/events.py": {"executed_lines": [1, 6, 7, 9, 10, 11, 13, 16, 17, 31, 32, 81, 82, 113, 114, 142, 143], "summary": {"covered_lines": 16, "num_statements": 44, "percent_covered": 36.36363636363637, "percent_covered_display": "36", "missing_lines": 28, "excluded_lines": 0}, "missing_lines": [22, 37, 70, 78, 87, 88, 90, 99, 102, 104, 105, 110, 119, 120, 122, 130, 132, 134, 135, 139, 148, 149, 151, 159, 161, 163, 164, 168], "excluded_lines": [], "functions": {"get_dapr_config": {"executed_lines": [], "summary": {"covered_lines": 0, "num_statements": 1, "percent_covered": 0.0, "percent_covered_display": "0", "missing_lines": 1, "excluded_lines": 0}, "missing_lines": [22], "excluded_lines": []}, "get_subscriptions": {"executed_lines": [], "summary": {"covered_lines": 0, "num_statements": 3, "percent_covered": 0.0, "percent_covered_display": "0", "missing_lines": 3, "excluded_lines": 0}, "missing_lines": [37, 70, 78], "excluded_lines": []}, "handle_review_created": {"executed_lines": [], "summary": {"covered_lines": 0, "num_statements": 8, "percent_covered": 0.0, "percent_covered_display": "0", "missing_lines": 8, "excluded_lines": 0}, "missing_lines": [87, 88, 90, 99, 102, 104, 105, 110], "excluded_lines": []}, "handle_review_updated": {"executed_lines": [], "summary": {"covered_lines": 0, "num_statements": 8, "percent_covered": 0.0, "percent_covered_display": "0", "missing_lines": 8, "excluded_lines": 0}, "missing_lines": [119, 120, 122, 130, 132, 134, 135, 139], "excluded_lines": []}, "handle_review_deleted": {"executed_lines": [], "summary": {"covered_lines": 0, "num_statements": 8, "percent_covered": 0.0, "percent_covered_display": "0", "missing_lines": 8, "excluded_lines": 0}, "missing_lines": [148, 149, 151, 159, 161, 163, 164, 168], "excluded_lines": []}, "": {"executed_lines": [1, 6, 7, 9, 10, 11, 13, 16, 17, 31, 32, 81, 82, 113, 114, 142, 143], "summary": {"covered_lines": 16, "num_statements": 16, "percent_covered": 100.0, "percent_covered_display": "100", "missing_lines": 0, "excluded_lines": 0}, "missing_lines": [], "excluded_lines": []}}, "classes": {"": {"executed_lines": [1, 6, 7, 9, 10, 11, 13, 16, 17, 31, 32, 81, 82, 113, 114, 142, 143], "summary": {"covered_lines": 16, "num_statements": 44, "percent_covered": 36.36363636363637, "percent_covered_display": "36", "missing_lines": 28, "excluded_lines": 0}, "missing_lines": [22, 37, 70, 78, 87, 88, 90, 99, 102, 104, 105, 110, 119, 120, 122, 130, 132, 134, 135, 139, 148, 149, 151, 159, 161, 163, 164, 168], "excluded_lines": []}}}, "app/api/home.py": {"executed_lines": [1, 6, 7, 9, 11, 13, 16, 19, 20, 34, 35, 45, 46], "summary": {"covered_lines": 12, "num_statements": 15, "percent_covered": 80.0, "percent_covered_display": "80", "missing_lines": 3, "excluded_lines": 0}, "missing_lines": [25, 40, 51], "excluded_lines": [], "functions": {"root": {"executed_lines": [], "summary": {"covered_lines": 0, "num_statements": 1, "percent_covered": 0.0, "percent_covered_display": "0", "missing_lines": 1, "excluded_lines": 0}, "missing_lines": [25], "excluded_lines": []}, "get_version": {"executed_lines": [], "summary": {"covered_lines": 0, "num_statements": 1, "percent_covered": 0.0, "percent_covered_display": "0", "missing_lines": 1, "excluded_lines": 0}, "missing_lines": [40], "excluded_lines": []}, "get_service_info": {"executed_lines": [], "summary": {"covered_lines": 0, "num_statements": 1, "percent_covered": 0.0, "percent_covered_display": "0", "missing_lines": 1, "excluded_lines": 0}, "missing_lines": [51], "excluded_lines": []}, "": {"executed_lines": [1, 6, 7, 9, 11, 13, 16, 19, 20, 34, 35, 45, 46], "summary": {"covered_lines": 12, "num_statements": 12, "percent_covered": 100.0, "percent_covered_display": "100", "missing_lines": 0, "excluded_lines": 0}, "missing_lines": [], "excluded_lines": []}}, "classes": {"": {"executed_lines": [1, 6, 7, 9, 11, 13, 16, 19, 20, 34, 35, 45, 46], "summary": {"covered_lines": 12, "num_statements": 15, "percent_covered": 80.0, "percent_covered_display": "80", "missing_lines": 3, "excluded_lines": 0}, "missing_lines": [25, 40, 51], "excluded_lines": []}}}, "app/api/operational.py": {"executed_lines": [1, 6, 7, 8, 9, 10, 11, 13, 14, 15, 17, 18, 19, 21, 24, 27, 28, 38, 39, 86, 87, 97, 98, 156, 185, 239, 328, 412, 488, 489, 508, 509], "summary": {"covered_lines": 31, "num_statements": 151, "percent_covered": 20.52980132450331, "percent_covered_display": "21", "missing_lines": 120, "excluded_lines": 0}, "missing_lines": [30, 41, 43, 46, 48, 49, 56, 63, 73, 74, 75, 89, 103, 104, 105, 108, 109, 111, 119, 143, 144, 148, 158, 161, 169, 171, 172, 173, 180, 182, 187, 189, 190, 192, 193, 197, 198, 200, 202, 210, 217, 218, 219, 221, 230, 241, 242, 243, 245, 246, 247, 252, 255, 256, 266, 275, 276, 285, 286, 287, 289, 298, 305, 306, 307, 309, 319, 330, 331, 332, 335, 337, 338, 339, 344, 346, 347, 348, 349, 354, 355, 364, 373, 381, 382, 390, 391, 392, 394, 403, 414, 415, 416, 417, 420, 421, 424, 425, 426, 429, 430, 431, 433, 434, 436, 437, 439, 441, 454, 455, 457, 467, 469, 470, 472, 480, 494, 499, 514, 519], "excluded_lines": [], "functions": {"health_check": {"executed_lines": [], "summary": {"covered_lines": 0, "num_statements": 1, "percent_covered": 0.0, "percent_covered_display": "0", "missing_lines": 1, "excluded_lines": 0}, "missing_lines": [30], "excluded_lines": []}, "readiness_check": {"executed_lines": [], "summary": {"covered_lines": 0, "num_statements": 10, "percent_covered": 0.0, "percent_covered_display": "0", "missing_lines": 10, "excluded_lines": 0}, "missing_lines": [41, 43, 46, 48, 49, 56, 63, 73, 74, 75], "excluded_lines": []}, "liveness_check": {"executed_lines": [], "summary": {"covered_lines": 0, "num_statements": 1, "percent_covered": 0.0, "percent_covered_display": "0", "missing_lines": 1, "excluded_lines": 0}, "missing_lines": [89], "excluded_lines": []}, "get_metrics": {"executed_lines": [], "summary": {"covered_lines": 0, "num_statements": 10, "percent_covered": 0.0, "percent_covered_display": "0", "missing_lines": 10, "excluded_lines": 0}, "missing_lines": [103, 104, 105, 108, 109, 111, 119, 143, 144, 148], "excluded_lines": []}, "perform_health_checks": {"executed_lines": [], "summary": {"covered_lines": 0, "num_statements": 8, "percent_covered": 0.0, "percent_covered_display": "0", "missing_lines": 8, "excluded_lines": 0}, "missing_lines": [158, 161, 169, 171, 172, 173, 180, 182], "excluded_lines": []}, "check_database_health": {"executed_lines": [], "summary": {"covered_lines": 0, "num_statements": 15, "percent_covered": 0.0, "percent_covered_display": "0", "missing_lines": 15, "excluded_lines": 0}, "missing_lines": [187, 189, 190, 192, 193, 197, 198, 200, 202, 210, 217, 218, 219, 221, 230], "excluded_lines": []}, "check_dapr_sidecar_health": {"executed_lines": [], "summary": {"covered_lines": 0, "num_statements": 22, "percent_covered": 0.0, "percent_covered_display": "0", "missing_lines": 22, "excluded_lines": 0}, "missing_lines": [241, 242, 243, 245, 246, 247, 252, 255, 256, 266, 275, 276, 285, 286, 287, 289, 298, 305, 306, 307, 309, 319], "excluded_lines": []}, "check_message_broker_health": {"executed_lines": [], "summary": {"covered_lines": 0, "num_statements": 23, "percent_covered": 0.0, "percent_covered_display": "0", "missing_lines": 23, "excluded_lines": 0}, "missing_lines": [330, 331, 332, 335, 337, 338, 339, 344, 346, 347, 348, 349, 354, 355, 364, 373, 381, 382, 390, 391, 392, 394, 403], "excluded_lines": []}, "check_system_resources": {"executed_lines": [], "summary": {"covered_lines": 0, "num_statements": 26, "percent_covered": 0.0, "percent_covered_display": "0", "missing_lines": 26, "excluded_lines": 0}, "missing_lines": [414, 415, 416, 417, 420, 421, 424, 425, 426, 429, 430, 431, 433, 434, 436, 437, 439, 441, 454, 455, 457, 467, 469, 470, 472, 480], "excluded_lines": []}, "get_version": {"executed_lines": [], "summary": {"covered_lines": 0, "num_statements": 2, "percent_covered": 0.0, "percent_covered_display": "0", "missing_lines": 2, "excluded_lines": 0}, "missing_lines": [494, 499], "excluded_lines": []}, "get_service_info": {"executed_lines": [], "summary": {"covered_lines": 0, "num_statements": 2, "percent_covered": 0.0, "percent_covered_display": "0", "missing_lines": 2, "excluded_lines": 0}, "missing_lines": [514, 519], "excluded_lines": []}, "": {"executed_lines": [1, 6, 7, 8, 9, 10, 11, 13, 14, 15, 17, 18, 19, 21, 24, 27, 28, 38, 39, 86, 87, 97, 98, 156, 185, 239, 328, 412, 488, 489, 508, 509], "summary": {"covered_lines": 31, "num_statements": 31, "percent_covered": 100.0, "percent_covered_display": "100", "missing_lines": 0, "excluded_lines": 0}, "missing_lines": [], "excluded_lines": []}}, "classes": {"": {"executed_lines": [1, 6, 7, 8, 9, 10, 11, 13, 14, 15, 17, 18, 19, 21, 24, 27, 28, 38, 39, 86, 87, 97, 98, 156, 185, 239, 328, 412, 488, 489, 508, 509], "summary": {"covered_lines": 31, "num_statements": 151, "percent_covered": 20.52980132450331, "percent_covered_display": "21", "missing_lines": 120, "excluded_lines": 0}, "missing_lines": [30, 41, 43, 46, 48, 49, 56, 63, 73, 74, 75, 89, 103, 104, 105, 108, 109, 111, 119, 143, 144, 148, 158, 161, 169, 171, 172, 173, 180, 182, 187, 189, 190, 192, 193, 197, 198, 200, 202, 210, 217, 218, 219, 221, 230, 241, 242, 243, 245, 246, 247, 252, 255, 256, 266, 275, 276, 285, 286, 287, 289, 298, 305, 306, 307, 309, 319, 330, 331, 332, 335, 337, 338, 339, 344, 346, 347, 348, 349, 354, 355, 364, 373, 381, 382, 390, 391, 392, 394, 403, 414, 415, 416, 417, 420, 421, 424, 425, 426, 429, 430, 431, 433, 434, 436, 437, 439, 441, 454, 455, 457, 467, 469, 470, 472, 480, 494, 499, 514, 519], "excluded_lines": []}}}, "app/api/products.py": {"executed_lines": [1, 6, 8, 10, 11, 12, 13, 14, 21, 22, 24, 28, 33, 47, 53, 73, 78, 95, 100, 116, 121, 153, 157, 178, 183, 193, 199, 211, 221, 235, 244, 256, 265], "summary": {"covered_lines": 32, "num_statements": 49, "percent_covered": 65.3061224489796, "percent_covered_display": "65", "missing_lines": 17, "excluded_lines": 0}, "missing_lines": [43, 70, 92, 112, 144, 145, 146, 148, 172, 190, 208, 232, 253, 275, 276, 277, 282], "excluded_lines": [], "functions": {"check_product_exists": {"executed_lines": [], "summary": {"covered_lines": 0, "num_statements": 1, "percent_covered": 0.0, "percent_covered_display": "0", "missing_lines": 1, "excluded_lines": 0}, "missing_lines": [43], "excluded_lines": []}, "get_storefront_data": {"executed_lines": [], "summary": {"covered_lines": 0, "num_statements": 1, "percent_covered": 0.0, "percent_covered_display": "0", "missing_lines": 1, "excluded_lines": 0}, "missing_lines": [70], "excluded_lines": []}, "get_trending_categories": {"executed_lines": [], "summary": {"covered_lines": 0, "num_statements": 1, "percent_covered": 0.0, "percent_covered_display": "0", "missing_lines": 1, "excluded_lines": 0}, "missing_lines": [92], "excluded_lines": []}, "get_trending_products": {"executed_lines": [], "summary": {"covered_lines": 0, "num_statements": 1, "percent_covered": 0.0, "percent_covered_display": "0", "missing_lines": 1, "excluded_lines": 0}, "missing_lines": [112], "excluded_lines": []}, "search_products": {"executed_lines": [], "summary": {"covered_lines": 0, "num_statements": 4, "percent_covered": 0.0, "percent_covered_display": "0", "missing_lines": 4, "excluded_lines": 0}, "missing_lines": [144, 145, 146, 148], "excluded_lines": []}, "list_products": {"executed_lines": [], "summary": {"covered_lines": 0, "num_statements": 1, "percent_covered": 0.0, "percent_covered_display": "0", "missing_lines": 1, "excluded_lines": 0}, "missing_lines": [172], "excluded_lines": []}, "get_product": {"executed_lines": [], "summary": {"covered_lines": 0, "num_statements": 1, "percent_covered": 0.0, "percent_covered_display": "0", "missing_lines": 1, "excluded_lines": 0}, "missing_lines": [190], "excluded_lines": []}, "create_product": {"executed_lines": [], "summary": {"covered_lines": 0, "num_statements": 1, "percent_covered": 0.0, "percent_covered_display": "0", "missing_lines": 1, "excluded_lines": 0}, "missing_lines": [208], "excluded_lines": []}, "update_product": {"executed_lines": [], "summary": {"covered_lines": 0, "num_statements": 1, "percent_covered": 0.0, "percent_covered_display": "0", "missing_lines": 1, "excluded_lines": 0}, "missing_lines": [232], "excluded_lines": []}, "delete_product": {"executed_lines": [], "summary": {"covered_lines": 0, "num_statements": 1, "percent_covered": 0.0, "percent_covered_display": "0", "missing_lines": 1, "excluded_lines": 0}, "missing_lines": [253], "excluded_lines": []}, "reactivate_product": {"executed_lines": [], "summary": {"covered_lines": 0, "num_statements": 4, "percent_covered": 0.0, "percent_covered_display": "0", "missing_lines": 4, "excluded_lines": 0}, "missing_lines": [275, 276, 277, 282], "excluded_lines": []}, "": {"executed_lines": [1, 6, 8, 10, 11, 12, 13, 14, 21, 22, 24, 28, 33, 47, 53, 73, 78, 95, 100, 116, 121, 153, 157, 178, 183, 193, 199, 211, 221, 235, 244, 256, 265], "summary": {"covered_lines": 32, "num_statements": 32, "percent_covered": 100.0, "percent_covered_display": "100", "missing_lines": 0, "excluded_lines": 0}, "missing_lines": [], "excluded_lines": []}}, "classes": {"": {"executed_lines": [1, 6, 8, 10, 11, 12, 13, 14, 21, 22, 24, 28, 33, 47, 53, 73, 78, 95, 100, 116, 121, 153, 157, 178, 183, 193, 199, 211, 221, 235, 244, 256, 265], "summary": {"covered_lines": 32, "num_statements": 49, "percent_covered": 65.3061224489796, "percent_covered_display": "65", "missing_lines": 17, "excluded_lines": 0}, "missing_lines": [43, 70, 92, 112, 144, 145, 146, 148, 172, 190, 208, 232, 253, 275, 276, 277, 282], "excluded_lines": []}}}, "app/clients/__init__.py": {"executed_lines": [1, 6, 13, 14, 16], "summary": {"covered_lines": 4, "num_statements": 4, "percent_covered": 100.0, "percent_covered_display": "100", "missing_lines": 0, "excluded_lines": 0}, "missing_lines": [], "excluded_lines": [], "functions": {"": {"executed_lines": [1, 6, 13, 14, 16], "summary": {"covered_lines": 4, "num_statements": 4, "percent_covered": 100.0, "percent_covered_display": "100", "missing_lines": 0, "excluded_lines": 0}, "missing_lines": [], "excluded_lines": []}}, "classes": {"": {"executed_lines": [1, 6, 13, 14, 16], "summary": {"covered_lines": 4, "num_statements": 4, "percent_covered": 100.0, "percent_covered_display": "100", "missing_lines": 0, "excluded_lines": 0}, "missing_lines": [], "excluded_lines": []}}}, "app/clients/dapr_secret_client.py": {"executed_lines": [1, 7, 8, 10, 11, 12, 16, 17, 20, 21, 26, 27, 28, 31, 34, 36, 46, 156, 170, 173, 196], "summary": {"covered_lines": 19, "num_statements": 57, "percent_covered": 33.333333333333336, "percent_covered_display": "33", "missing_lines": 38, "excluded_lines": 0}, "missing_lines": [13, 14, 32, 61, 62, 63, 64, 68, 71, 72, 73, 79, 81, 82, 83, 92, 95, 96, 97, 98, 107, 109, 111, 120, 123, 132, 133, 144, 145, 146, 154, 166, 180, 181, 184, 185, 187, 203], "excluded_lines": [], "functions": {"DaprSecretManager.__init__": {"executed_lines": [27, 28, 31, 34, 36], "summary": {"covered_lines": 5, "num_statements": 6, "percent_covered": 83.33333333333333, "percent_covered_display": "83", "missing_lines": 1, "excluded_lines": 0}, "missing_lines": [32], "excluded_lines": []}, "DaprSecretManager.get_secret": {"executed_lines": [], "summary": {"covered_lines": 0, "num_statements": 28, "percent_covered": 0.0, "percent_covered_display": "0", "missing_lines": 28, "excluded_lines": 0}, "missing_lines": [61, 62, 63, 64, 68, 71, 72, 73, 79, 81, 82, 83, 92, 95, 96, 97, 98, 107, 109, 111, 120, 123, 132, 133, 144, 145, 146, 154], "excluded_lines": []}, "DaprSecretManager.get_multiple_secrets": {"executed_lines": [], "summary": {"covered_lines": 0, "num_statements": 1, "percent_covered": 0.0, "percent_covered_display": "0", "missing_lines": 1, "excluded_lines": 0}, "missing_lines": [166], "excluded_lines": []}, "get_database_config": {"executed_lines": [], "summary": {"covered_lines": 0, "num_statements": 5, "percent_covered": 0.0, "percent_covered_display": "0", "missing_lines": 5, "excluded_lines": 0}, "missing_lines": [180, 181, 184, 185, 187], "excluded_lines": []}, "get_jwt_config": {"executed_lines": [], "summary": {"covered_lines": 0, "num_statements": 1, "percent_covered": 0.0, "percent_covered_display": "0", "missing_lines": 1, "excluded_lines": 0}, "missing_lines": [203], "excluded_lines": []}, "": {"executed_lines": [1, 7, 8, 10, 11, 12, 16, 17, 20, 21, 26, 46, 156, 170, 173, 196], "summary": {"covered_lines": 14, "num_statements": 16, "percent_covered": 87.5, "percent_covered_display": "88", "missing_lines": 2, "excluded_lines": 0}, "missing_lines": [13, 14], "excluded_lines": []}}, "classes": {"DaprSecretManager": {"executed_lines": [27, 28, 31, 34, 36], "summary": {"covered_lines": 5, "num_statements": 35, "percent_covered": 14.285714285714286, "percent_covered_display": "14", "missing_lines": 30, "excluded_lines": 0}, "missing_lines": [32, 61, 62, 63, 64, 68, 71, 72, 73, 79, 81, 82, 83, 92, 95, 96, 97, 98, 107, 109, 111, 120, 123, 132, 133, 144, 145, 146, 154, 166], "excluded_lines": []}, "": {"executed_lines": [1, 7, 8, 10, 11, 12, 16, 17, 20, 21, 26, 46, 156, 170, 173, 196], "summary": {"covered_lines": 14, "num_statements": 22, "percent_covered": 63.63636363636363, "percent_covered_display": "64", "missing_lines": 8, "excluded_lines": 0}, "missing_lines": [13, 14, 180, 181, 184, 185, 187, 203], "excluded_lines": []}}}, "app/clients/dapr_service_client.py": {"executed_lines": [1, 7, 9, 10, 11, 15, 16, 17, 20, 21, 26, 40, 66, 159, 230, 234, 244, 254, 258, 291, 294], "summary": {"covered_lines": 19, "num_statements": 87, "percent_covered": 21.839080459770116, "percent_covered_display": "22", "missing_lines": 68, "excluded_lines": 0}, "missing_lines": [12, 13, 27, 28, 29, 31, 50, 56, 57, 58, 61, 62, 64, 92, 93, 95, 98, 101, 104, 115, 117, 119, 125, 126, 127, 129, 132, 133, 135, 136, 145, 147, 148, 157, 179, 181, 182, 183, 193, 196, 197, 198, 207, 208, 210, 211, 217, 218, 227, 232, 242, 252, 256, 265, 266, 268, 269, 270, 271, 272, 273, 281, 282, 283, 287, 303, 304, 305], "excluded_lines": [], "functions": {"DaprServiceClient.__init__": {"executed_lines": [], "summary": {"covered_lines": 0, "num_statements": 4, "percent_covered": 0.0, "percent_covered_display": "0", "missing_lines": 4, "excluded_lines": 0}, "missing_lines": [27, 28, 29, 31], "excluded_lines": []}, "DaprServiceClient._get_headers": {"executed_lines": [], "summary": {"covered_lines": 0, "num_statements": 7, "percent_covered": 0.0, "percent_covered_display": "0", "missing_lines": 7, "excluded_lines": 0}, "missing_lines": [50, 56, 57, 58, 61, 62, 64], "excluded_lines": []}, "DaprServiceClient.invoke_service": {"executed_lines": [], "summary": {"covered_lines": 0, "num_statements": 21, "percent_covered": 0.0, "percent_covered_display": "0", "missing_lines": 21, "excluded_lines": 0}, "missing_lines": [92, 93, 95, 98, 101, 104, 115, 117, 119, 125, 126, 127, 129, 132, 133, 135, 136, 145, 147, 148, 157], "excluded_lines": []}, "DaprServiceClient._handle_response": {"executed_lines": [], "summary": {"covered_lines": 0, "num_statements": 15, "percent_covered": 0.0, "percent_covered_display": "0", "missing_lines": 15, "excluded_lines": 0}, "missing_lines": [179, 181, 182, 183, 193, 196, 197, 198, 207, 208, 210, 211, 217, 218, 227], "excluded_lines": []}, "DaprServiceClient.get": {"executed_lines": [], "summary": {"covered_lines": 0, "num_statements": 1, "percent_covered": 0.0, "percent_covered_display": "0", "missing_lines": 1, "excluded_lines": 0}, "missing_lines": [232], "excluded_lines": []}, "DaprServiceClient.post": {"executed_lines": [], "summary": {"covered_lines": 0, "num_statements": 1, "percent_covered": 0.0, "percent_covered_display": "0", "missing_lines": 1, "excluded_lines": 0}, "missing_lines": [242], "excluded_lines": []}, "DaprServiceClient.put": {"executed_lines": [], "summary": {"covered_lines": 0, "num_statements": 1, "percent_covered": 0.0, "percent_covered_display": "0", "missing_lines": 1, "excluded_lines": 0}, "missing_lines": [252], "excluded_lines": []}, "DaprServiceClient.delete": {"executed_lines": [], "summary": {"covered_lines": 0, "num_statements": 1, "percent_covered": 0.0, "percent_covered_display": "0", "missing_lines": 1, "excluded_lines": 0}, "missing_lines": [256], "excluded_lines": []}, "DaprServiceClient.health_check": {"executed_lines": [], "summary": {"covered_lines": 0, "num_statements": 12, "percent_covered": 0.0, "percent_covered_display": "0", "missing_lines": 12, "excluded_lines": 0}, "missing_lines": [265, 266, 268, 269, 270, 271, 272, 273, 281, 282, 283, 287], "excluded_lines": []}, "get_dapr_service_client": {"executed_lines": [], "summary": {"covered_lines": 0, "num_statements": 3, "percent_covered": 0.0, "percent_covered_display": "0", "missing_lines": 3, "excluded_lines": 0}, "missing_lines": [303, 304, 305], "excluded_lines": []}, "": {"executed_lines": [1, 7, 9, 10, 11, 15, 16, 17, 20, 21, 26, 40, 66, 159, 230, 234, 244, 254, 258, 291, 294], "summary": {"covered_lines": 19, "num_statements": 21, "percent_covered": 90.47619047619048, "percent_covered_display": "90", "missing_lines": 2, "excluded_lines": 0}, "missing_lines": [12, 13], "excluded_lines": []}}, "classes": {"DaprServiceClient": {"executed_lines": [], "summary": {"covered_lines": 0, "num_statements": 63, "percent_covered": 0.0, "percent_covered_display": "0", "missing_lines": 63, "excluded_lines": 0}, "missing_lines": [27, 28, 29, 31, 50, 56, 57, 58, 61, 62, 64, 92, 93, 95, 98, 101, 104, 115, 117, 119, 125, 126, 127, 129, 132, 133, 135, 136, 145, 147, 148, 157, 179, 181, 182, 183, 193, 196, 197, 198, 207, 208, 210, 211, 217, 218, 227, 232, 242, 252, 256, 265, 266, 268, 269, 270, 271, 272, 273, 281, 282, 283, 287], "excluded_lines": []}, "": {"executed_lines": [1, 7, 9, 10, 11, 15, 16, 17, 20, 21, 26, 40, 66, 159, 230, 234, 244, 254, 258, 291, 294], "summary": {"covered_lines": 19, "num_statements": 24, "percent_covered": 79.16666666666667, "percent_covered_display": "79", "missing_lines": 5, "excluded_lines": 0}, "missing_lines": [12, 13, 303, 304, 305], "excluded_lines": []}}}, "app/clients/inventory_client.py": {"executed_lines": [1, 6, 8, 10, 11, 14, 15, 16, 17, 20, 21, 22, 23, 24, 25, 28, 29, 30, 31, 34, 35, 36, 37, 38, 39, 40, 41, 42, 45, 46, 51, 64, 117, 156, 195, 251, 296, 314, 317], "summary": {"covered_lines": 33, "num_statements": 99, "percent_covered": 33.333333333333336, "percent_covered_display": "33", "missing_lines": 66, "excluded_lines": 0}, "missing_lines": [53, 54, 56, 77, 78, 87, 93, 95, 104, 106, 107, 115, 130, 131, 136, 141, 143, 144, 145, 149, 150, 154, 169, 170, 175, 180, 182, 183, 184, 188, 189, 193, 208, 209, 219, 220, 223, 224, 225, 226, 227, 228, 230, 238, 240, 241, 249, 262, 263, 267, 268, 269, 271, 273, 283, 285, 286, 294, 303, 304, 308, 309, 310, 326, 327, 328], "excluded_lines": [], "functions": {"InventoryServiceClient.__init__": {"executed_lines": [], "summary": {"covered_lines": 0, "num_statements": 3, "percent_covered": 0.0, "percent_covered_display": "0", "missing_lines": 3, "excluded_lines": 0}, "missing_lines": [53, 54, 56], "excluded_lines": []}, "InventoryServiceClient.check_stock": {"executed_lines": [], "summary": {"covered_lines": 0, "num_statements": 9, "percent_covered": 0.0, "percent_covered_display": "0", "missing_lines": 9, "excluded_lines": 0}, "missing_lines": [77, 78, 87, 93, 95, 104, 106, 107, 115], "excluded_lines": []}, "InventoryServiceClient.get_inventory_by_sku": {"executed_lines": [], "summary": {"covered_lines": 0, "num_statements": 10, "percent_covered": 0.0, "percent_covered_display": "0", "missing_lines": 10, "excluded_lines": 0}, "missing_lines": [130, 131, 136, 141, 143, 144, 145, 149, 150, 154], "excluded_lines": []}, "InventoryServiceClient.get_inventory_by_product_id": {"executed_lines": [], "summary": {"covered_lines": 0, "num_statements": 10, "percent_covered": 0.0, "percent_covered_display": "0", "missing_lines": 10, "excluded_lines": 0}, "missing_lines": [169, 170, 175, 180, 182, 183, 184, 188, 189, 193], "excluded_lines": []}, "InventoryServiceClient.get_multiple_inventory": {"executed_lines": [], "summary": {"covered_lines": 0, "num_statements": 15, "percent_covered": 0.0, "percent_covered_display": "0", "missing_lines": 15, "excluded_lines": 0}, "missing_lines": [208, 209, 219, 220, 223, 224, 225, 226, 227, 228, 230, 238, 240, 241, 249], "excluded_lines": []}, "InventoryServiceClient.is_sku_available": {"executed_lines": [], "summary": {"covered_lines": 0, "num_statements": 11, "percent_covered": 0.0, "percent_covered_display": "0", "missing_lines": 11, "excluded_lines": 0}, "missing_lines": [262, 263, 267, 268, 269, 271, 273, 283, 285, 286, 294], "excluded_lines": []}, "InventoryServiceClient.health_check": {"executed_lines": [], "summary": {"covered_lines": 0, "num_statements": 5, "percent_covered": 0.0, "percent_covered_display": "0", "missing_lines": 5, "excluded_lines": 0}, "missing_lines": [303, 304, 308, 309, 310], "excluded_lines": []}, "get_inventory_client": {"executed_lines": [], "summary": {"covered_lines": 0, "num_statements": 3, "percent_covered": 0.0, "percent_covered_display": "0", "missing_lines": 3, "excluded_lines": 0}, "missing_lines": [326, 327, 328], "excluded_lines": []}, "": {"executed_lines": [1, 6, 8, 10, 11, 14, 15, 16, 17, 20, 21, 22, 23, 24, 25, 28, 29, 30, 31, 34, 35, 36, 37, 38, 39, 40, 41, 42, 45, 46, 51, 64, 117, 156, 195, 251, 296, 314, 317], "summary": {"covered_lines": 33, "num_statements": 33, "percent_covered": 100.0, "percent_covered_display": "100", "missing_lines": 0, "excluded_lines": 0}, "missing_lines": [], "excluded_lines": []}}, "classes": {"StockCheckItem": {"executed_lines": [], "summary": {"covered_lines": 0, "num_statements": 0, "percent_covered": 100.0, "percent_covered_display": "100", "missing_lines": 0, "excluded_lines": 0}, "missing_lines": [], "excluded_lines": []}, "StockCheckItemResult": {"executed_lines": [], "summary": {"covered_lines": 0, "num_statements": 0, "percent_covered": 100.0, "percent_covered_display": "100", "missing_lines": 0, "excluded_lines": 0}, "missing_lines": [], "excluded_lines": []}, "StockCheckResponse": {"executed_lines": [], "summary": {"covered_lines": 0, "num_statements": 0, "percent_covered": 100.0, "percent_covered_display": "100", "missing_lines": 0, "excluded_lines": 0}, "missing_lines": [], "excluded_lines": []}, "InventoryItem": {"executed_lines": [], "summary": {"covered_lines": 0, "num_statements": 0, "percent_covered": 100.0, "percent_covered_display": "100", "missing_lines": 0, "excluded_lines": 0}, "missing_lines": [], "excluded_lines": []}, "InventoryServiceClient": {"executed_lines": [], "summary": {"covered_lines": 0, "num_statements": 63, "percent_covered": 0.0, "percent_covered_display": "0", "missing_lines": 63, "excluded_lines": 0}, "missing_lines": [53, 54, 56, 77, 78, 87, 93, 95, 104, 106, 107, 115, 130, 131, 136, 141, 143, 144, 145, 149, 150, 154, 169, 170, 175, 180, 182, 183, 184, 188, 189, 193, 208, 209, 219, 220, 223, 224, 225, 226, 227, 228, 230, 238, 240, 241, 249, 262, 263, 267, 268, 269, 271, 273, 283, 285, 286, 294, 303, 304, 308, 309, 310], "excluded_lines": []}, "": {"executed_lines": [1, 6, 8, 10, 11, 14, 15, 16, 17, 20, 21, 22, 23, 24, 25, 28, 29, 30, 31, 34, 35, 36, 37, 38, 39, 40, 41, 42, 45, 46, 51, 64, 117, 156, 195, 251, 296, 314, 317], "summary": {"covered_lines": 33, "num_statements": 36, "percent_covered": 91.66666666666667, "percent_covered_display": "92", "missing_lines": 3, "excluded_lines": 0}, "missing_lines": [326, 327, 328], "excluded_lines": []}}}, "app/core/__init__.py": {"executed_lines": [1], "summary": {"covered_lines": 0, "num_statements": 0, "percent_covered": 100.0, "percent_covered_display": "100", "missing_lines": 0, "excluded_lines": 0}, "missing_lines": [], "excluded_lines": [], "functions": {"": {"executed_lines": [1], "summary": {"covered_lines": 0, "num_statements": 0, "percent_covered": 100.0, "percent_covered_display": "100", "missing_lines": 0, "excluded_lines": 0}, "missing_lines": [], "excluded_lines": []}}, "classes": {"": {"executed_lines": [1], "summary": {"covered_lines": 0, "num_statements": 0, "percent_covered": 100.0, "percent_covered_display": "100", "missing_lines": 0, "excluded_lines": 0}, "missing_lines": [], "excluded_lines": []}}}, "app/core/config.py": {"executed_lines": [1, 9, 10, 11, 12, 15, 16, 19, 20, 21, 22, 25, 26, 29, 30, 31, 32, 33, 36, 37, 41, 42, 43, 44, 48], "summary": {"covered_lines": 23, "num_statements": 23, "percent_covered": 100.0, "percent_covered_display": "100", "missing_lines": 0, "excluded_lines": 0}, "missing_lines": [], "excluded_lines": [], "functions": {"": {"executed_lines": [1, 9, 10, 11, 12, 15, 16, 19, 20, 21, 22, 25, 26, 29, 30, 31, 32, 33, 36, 37, 41, 42, 43, 44, 48], "summary": {"covered_lines": 23, "num_statements": 23, "percent_covered": 100.0, "percent_covered_display": "100", "missing_lines": 0, "excluded_lines": 0}, "missing_lines": [], "excluded_lines": []}}, "classes": {"Config": {"executed_lines": [], "summary": {"covered_lines": 0, "num_statements": 0, "percent_covered": 100.0, "percent_covered_display": "100", "missing_lines": 0, "excluded_lines": 0}, "missing_lines": [], "excluded_lines": []}, "Config.ConfigDict": {"executed_lines": [], "summary": {"covered_lines": 0, "num_statements": 0, "percent_covered": 100.0, "percent_covered_display": "100", "missing_lines": 0, "excluded_lines": 0}, "missing_lines": [], "excluded_lines": []}, "": {"executed_lines": [1, 9, 10, 11, 12, 15, 16, 19, 20, 21, 22, 25, 26, 29, 30, 31, 32, 33, 36, 37, 41, 42, 43, 44, 48], "summary": {"covered_lines": 23, "num_statements": 23, "percent_covered": 100.0, "percent_covered_display": "100", "missing_lines": 0, "excluded_lines": 0}, "missing_lines": [], "excluded_lines": []}}}, "app/core/errors.py": {"executed_lines": [1, 5, 6, 7, 8, 10, 11, 14, 15, 17, 18, 19, 20, 21, 24, 25, 26, 27, 30, 32, 40, 42, 44, 49, 55, 57, 64, 66, 68, 73], "summary": {"covered_lines": 27, "num_statements": 27, "percent_covered": 100.0, "percent_covered_display": "100", "missing_lines": 0, "excluded_lines": 0}, "missing_lines": [], "excluded_lines": [], "functions": {"ErrorResponse.__init__": {"executed_lines": [18, 19, 20, 21], "summary": {"covered_lines": 4, "num_statements": 4, "percent_covered": 100.0, "percent_covered_display": "100", "missing_lines": 0, "excluded_lines": 0}, "missing_lines": [], "excluded_lines": []}, "error_response_handler": {"executed_lines": [32, 40, 42, 44, 49], "summary": {"covered_lines": 5, "num_statements": 5, "percent_covered": 100.0, "percent_covered_display": "100", "missing_lines": 0, "excluded_lines": 0}, "missing_lines": [], "excluded_lines": []}, "http_exception_handler": {"executed_lines": [57, 64, 66, 68, 73], "summary": {"covered_lines": 5, "num_statements": 5, "percent_covered": 100.0, "percent_covered_display": "100", "missing_lines": 0, "excluded_lines": 0}, "missing_lines": [], "excluded_lines": []}, "": {"executed_lines": [1, 5, 6, 7, 8, 10, 11, 14, 15, 17, 24, 25, 26, 27, 30, 55], "summary": {"covered_lines": 13, "num_statements": 13, "percent_covered": 100.0, "percent_covered_display": "100", "missing_lines": 0, "excluded_lines": 0}, "missing_lines": [], "excluded_lines": []}}, "classes": {"ErrorResponse": {"executed_lines": [18, 19, 20, 21], "summary": {"covered_lines": 4, "num_statements": 4, "percent_covered": 100.0, "percent_covered_display": "100", "missing_lines": 0, "excluded_lines": 0}, "missing_lines": [], "excluded_lines": []}, "ErrorResponseModel": {"executed_lines": [], "summary": {"covered_lines": 0, "num_statements": 0, "percent_covered": 100.0, "percent_covered_display": "100", "missing_lines": 0, "excluded_lines": 0}, "missing_lines": [], "excluded_lines": []}, "": {"executed_lines": [1, 5, 6, 7, 8, 10, 11, 14, 15, 17, 24, 25, 26, 27, 30, 32, 40, 42, 44, 49, 55, 57, 64, 66, 68, 73], "summary": {"covered_lines": 23, "num_statements": 23, "percent_covered": 100.0, "percent_covered_display": "100", "missing_lines": 0, "excluded_lines": 0}, "missing_lines": [], "excluded_lines": []}}}, "app/core/logger.py": {"executed_lines": [1, 6, 7, 8, 9, 10, 11, 13, 16, 17, 25, 26, 27, 30, 31, 33, 40, 42, 44, 45, 46, 49, 50, 52, 54, 58, 59, 66, 67, 70, 72, 74, 80, 84, 87, 88, 90, 91, 93, 102, 103, 112, 114, 117, 118, 120, 121, 122, 125, 128, 129, 130, 133, 134, 137, 138, 140, 141, 144, 145, 146, 149, 161, 169, 170, 173, 182, 185, 187, 191, 193, 199, 203, 205, 209, 210, 213, 220, 224], "summary": {"covered_lines": 75, "num_statements": 87, "percent_covered": 86.20689655172414, "percent_covered_display": "86", "missing_lines": 12, "excluded_lines": 0}, "missing_lines": [18, 20, 22, 51, 53, 55, 81, 82, 131, 142, 197, 214], "excluded_lines": [], "functions": {"ColorFormatter.format": {"executed_lines": [44, 45, 46, 49, 50, 52, 54, 58, 59, 66, 67, 70, 72, 74, 80, 84], "summary": {"covered_lines": 16, "num_statements": 21, "percent_covered": 76.19047619047619, "percent_covered_display": "76", "missing_lines": 5, "excluded_lines": 0}, "missing_lines": [51, 53, 55, 81, 82], "excluded_lines": []}, "JsonFormatter.format": {"executed_lines": [91, 93, 102, 103, 112, 114], "summary": {"covered_lines": 6, "num_statements": 6, "percent_covered": 100.0, "percent_covered_display": "100", "missing_lines": 0, "excluded_lines": 0}, "missing_lines": [], "excluded_lines": []}, "StandardLogger.__init__": {"executed_lines": [121, 122, 125, 128, 129, 130, 133, 134, 137, 138, 140, 141, 144, 145, 146, 149], "summary": {"covered_lines": 16, "num_statements": 18, "percent_covered": 88.88888888888889, "percent_covered_display": "89", "missing_lines": 2, "excluded_lines": 0}, "missing_lines": [131, 142], "excluded_lines": []}, "StandardLogger._log": {"executed_lines": [169, 170, 173, 182, 185], "summary": {"covered_lines": 5, "num_statements": 5, "percent_covered": 100.0, "percent_covered_display": "100", "missing_lines": 0, "excluded_lines": 0}, "missing_lines": [], "excluded_lines": []}, "StandardLogger.info": {"executed_lines": [191], "summary": {"covered_lines": 1, "num_statements": 1, "percent_covered": 100.0, "percent_covered_display": "100", "missing_lines": 0, "excluded_lines": 0}, "missing_lines": [], "excluded_lines": []}, "StandardLogger.debug": {"executed_lines": [], "summary": {"covered_lines": 0, "num_statements": 1, "percent_covered": 0.0, "percent_covered_display": "0", "missing_lines": 1, "excluded_lines": 0}, "missing_lines": [197], "excluded_lines": []}, "StandardLogger.warning": {"executed_lines": [203], "summary": {"covered_lines": 1, "num_statements": 1, "percent_covered": 100.0, "percent_covered_display": "100", "missing_lines": 0, "excluded_lines": 0}, "missing_lines": [], "excluded_lines": []}, "StandardLogger.error": {"executed_lines": [209, 210, 213, 220], "summary": {"covered_lines": 4, "num_statements": 5, "percent_covered": 80.0, "percent_covered_display": "80", "missing_lines": 1, "excluded_lines": 0}, "missing_lines": [214], "excluded_lines": []}, "": {"executed_lines": [1, 6, 7, 8, 9, 10, 11, 13, 16, 17, 25, 26, 27, 30, 31, 33, 40, 42, 87, 88, 90, 117, 118, 120, 161, 187, 193, 199, 205, 224], "summary": {"covered_lines": 26, "num_statements": 29, "percent_covered": 89.65517241379311, "percent_covered_display": "90", "missing_lines": 3, "excluded_lines": 0}, "missing_lines": [18, 20, 22], "excluded_lines": []}}, "classes": {"ColorFormatter": {"executed_lines": [44, 45, 46, 49, 50, 52, 54, 58, 59, 66, 67, 70, 72, 74, 80, 84], "summary": {"covered_lines": 16, "num_statements": 21, "percent_covered": 76.19047619047619, "percent_covered_display": "76", "missing_lines": 5, "excluded_lines": 0}, "missing_lines": [51, 53, 55, 81, 82], "excluded_lines": []}, "JsonFormatter": {"executed_lines": [91, 93, 102, 103, 112, 114], "summary": {"covered_lines": 6, "num_statements": 6, "percent_covered": 100.0, "percent_covered_display": "100", "missing_lines": 0, "excluded_lines": 0}, "missing_lines": [], "excluded_lines": []}, "StandardLogger": {"executed_lines": [121, 122, 125, 128, 129, 130, 133, 134, 137, 138, 140, 141, 144, 145, 146, 149, 169, 170, 173, 182, 185, 191, 203, 209, 210, 213, 220], "summary": {"covered_lines": 27, "num_statements": 31, "percent_covered": 87.09677419354838, "percent_covered_display": "87", "missing_lines": 4, "excluded_lines": 0}, "missing_lines": [131, 142, 197, 214], "excluded_lines": []}, "": {"executed_lines": [1, 6, 7, 8, 9, 10, 11, 13, 16, 17, 25, 26, 27, 30, 31, 33, 40, 42, 87, 88, 90, 117, 118, 120, 161, 187, 193, 199, 205, 224], "summary": {"covered_lines": 26, "num_statements": 29, "percent_covered": 89.65517241379311, "percent_covered_display": "90", "missing_lines": 3, "excluded_lines": 0}, "missing_lines": [18, 20, 22], "excluded_lines": []}}}, "app/core/telemetry.py": {"executed_lines": [1, 8, 9, 10, 11, 14, 24, 26, 27, 30, 31, 34, 35, 37], "summary": {"covered_lines": 13, "num_statements": 15, "percent_covered": 86.66666666666667, "percent_covered_display": "87", "missing_lines": 2, "excluded_lines": 0}, "missing_lines": [39, 40], "excluded_lines": [], "functions": {"instrument_app": {"executed_lines": [24, 26, 27, 30, 31, 34, 35, 37], "summary": {"covered_lines": 8, "num_statements": 10, "percent_covered": 80.0, "percent_covered_display": "80", "missing_lines": 2, "excluded_lines": 0}, "missing_lines": [39, 40], "excluded_lines": []}, "": {"executed_lines": [1, 8, 9, 10, 11, 14], "summary": {"covered_lines": 5, "num_statements": 5, "percent_covered": 100.0, "percent_covered_display": "100", "missing_lines": 0, "excluded_lines": 0}, "missing_lines": [], "excluded_lines": []}}, "classes": {"": {"executed_lines": [1, 8, 9, 10, 11, 14, 24, 26, 27, 30, 31, 34, 35, 37], "summary": {"covered_lines": 13, "num_statements": 15, "percent_covered": 86.66666666666667, "percent_covered_display": "87", "missing_lines": 2, "excluded_lines": 0}, "missing_lines": [39, 40], "excluded_lines": []}}}, "app/db/__init__.py": {"executed_lines": [1], "summary": {"covered_lines": 0, "num_statements": 0, "percent_covered": 100.0, "percent_covered_display": "100", "missing_lines": 0, "excluded_lines": 0}, "missing_lines": [], "excluded_lines": [], "functions": {"": {"executed_lines": [1], "summary": {"covered_lines": 0, "num_statements": 0, "percent_covered": 100.0, "percent_covered_display": "100", "missing_lines": 0, "excluded_lines": 0}, "missing_lines": [], "excluded_lines": []}}, "classes": {"": {"executed_lines": [1], "summary": {"covered_lines": 0, "num_statements": 0, "percent_covered": 100.0, "percent_covered_display": "100", "missing_lines": 0, "excluded_lines": 0}, "missing_lines": [], "excluded_lines": []}}}, "app/db/mongodb.py": {"executed_lines": [1, 5, 6, 8, 9, 10, 11, 14, 15, 17, 18, 21, 24, 70, 77, 84], "summary": {"covered_lines": 14, "num_statements": 40, "percent_covered": 35.0, "percent_covered_display": "35", "missing_lines": 26, "excluded_lines": 0}, "missing_lines": [26, 28, 30, 33, 34, 35, 36, 37, 39, 40, 42, 44, 45, 48, 50, 59, 60, 64, 72, 73, 74, 79, 80, 81, 86, 87], "excluded_lines": [], "functions": {"connect_to_mongo": {"executed_lines": [], "summary": {"covered_lines": 0, "num_statements": 18, "percent_covered": 0.0, "percent_covered_display": "0", "missing_lines": 18, "excluded_lines": 0}, "missing_lines": [26, 28, 30, 33, 34, 35, 36, 37, 39, 40, 42, 44, 45, 48, 50, 59, 60, 64], "excluded_lines": []}, "close_mongo_connection": {"executed_lines": [], "summary": {"covered_lines": 0, "num_statements": 3, "percent_covered": 0.0, "percent_covered_display": "0", "missing_lines": 3, "excluded_lines": 0}, "missing_lines": [72, 73, 74], "excluded_lines": []}, "get_database": {"executed_lines": [], "summary": {"covered_lines": 0, "num_statements": 3, "percent_covered": 0.0, "percent_covered_display": "0", "missing_lines": 3, "excluded_lines": 0}, "missing_lines": [79, 80, 81], "excluded_lines": []}, "get_product_collection": {"executed_lines": [], "summary": {"covered_lines": 0, "num_statements": 2, "percent_covered": 0.0, "percent_covered_display": "0", "missing_lines": 2, "excluded_lines": 0}, "missing_lines": [86, 87], "excluded_lines": []}, "": {"executed_lines": [1, 5, 6, 8, 9, 10, 11, 14, 15, 17, 18, 21, 24, 70, 77, 84], "summary": {"covered_lines": 14, "num_statements": 14, "percent_covered": 100.0, "percent_covered_display": "100", "missing_lines": 0, "excluded_lines": 0}, "missing_lines": [], "excluded_lines": []}}, "classes": {"Database": {"executed_lines": [], "summary": {"covered_lines": 0, "num_statements": 0, "percent_covered": 100.0, "percent_covered_display": "100", "missing_lines": 0, "excluded_lines": 0}, "missing_lines": [], "excluded_lines": []}, "": {"executed_lines": [1, 5, 6, 8, 9, 10, 11, 14, 15, 17, 18, 21, 24, 70, 77, 84], "summary": {"covered_lines": 14, "num_statements": 40, "percent_covered": 35.0, "percent_covered_display": "35", "missing_lines": 26, "excluded_lines": 0}, "missing_lines": [26, 28, 30, 33, 34, 35, 36, 37, 39, 40, 42, 44, 45, 48, 50, 59, 60, 64, 72, 73, 74, 79, 80, 81, 86, 87], "excluded_lines": []}}}, "app/dependencies/__init__.py": {"executed_lines": [1], "summary": {"covered_lines": 0, "num_statements": 0, "percent_covered": 100.0, "percent_covered_display": "100", "missing_lines": 0, "excluded_lines": 0}, "missing_lines": [], "excluded_lines": [], "functions": {"": {"executed_lines": [1], "summary": {"covered_lines": 0, "num_statements": 0, "percent_covered": 100.0, "percent_covered_display": "100", "missing_lines": 0, "excluded_lines": 0}, "missing_lines": [], "excluded_lines": []}}, "classes": {"": {"executed_lines": [1], "summary": {"covered_lines": 0, "num_statements": 0, "percent_covered": 100.0, "percent_covered_display": "100", "missing_lines": 0, "excluded_lines": 0}, "missing_lines": [], "excluded_lines": []}}}, "app/dependencies/auth.py": {"executed_lines": [1, 6, 7, 8, 10, 11, 12, 13, 16, 19, 27, 28, 29, 35, 64, 114, 137], "summary": {"covered_lines": 15, "num_statements": 58, "percent_covered": 25.862068965517242, "percent_covered_display": "26", "missing_lines": 43, "excluded_lines": 0}, "missing_lines": [22, 23, 24, 30, 31, 32, 48, 49, 50, 56, 57, 58, 59, 60, 61, 77, 78, 83, 85, 87, 90, 91, 92, 94, 95, 100, 102, 103, 104, 105, 106, 107, 108, 127, 128, 130, 131, 132, 134, 150, 151, 152, 157], "excluded_lines": [], "functions": {"get_cached_jwt_config": {"executed_lines": [], "summary": {"covered_lines": 0, "num_statements": 3, "percent_covered": 0.0, "percent_covered_display": "0", "missing_lines": 3, "excluded_lines": 0}, "missing_lines": [22, 23, 24], "excluded_lines": []}, "AuthError.__init__": {"executed_lines": [], "summary": {"covered_lines": 0, "num_statements": 3, "percent_covered": 0.0, "percent_covered_display": "0", "missing_lines": 3, "excluded_lines": 0}, "missing_lines": [30, 31, 32], "excluded_lines": []}, "decode_jwt": {"executed_lines": [], "summary": {"covered_lines": 0, "num_statements": 9, "percent_covered": 0.0, "percent_covered_display": "0", "missing_lines": 9, "excluded_lines": 0}, "missing_lines": [48, 49, 50, 56, 57, 58, 59, 60, 61], "excluded_lines": []}, "get_current_user": {"executed_lines": [], "summary": {"covered_lines": 0, "num_statements": 18, "percent_covered": 0.0, "percent_covered_display": "0", "missing_lines": 18, "excluded_lines": 0}, "missing_lines": [77, 78, 83, 85, 87, 90, 91, 92, 94, 95, 100, 102, 103, 104, 105, 106, 107, 108], "excluded_lines": []}, "get_current_user_optional": {"executed_lines": [], "summary": {"covered_lines": 0, "num_statements": 6, "percent_covered": 0.0, "percent_covered_display": "0", "missing_lines": 6, "excluded_lines": 0}, "missing_lines": [127, 128, 130, 131, 132, 134], "excluded_lines": []}, "require_admin": {"executed_lines": [], "summary": {"covered_lines": 0, "num_statements": 4, "percent_covered": 0.0, "percent_covered_display": "0", "missing_lines": 4, "excluded_lines": 0}, "missing_lines": [150, 151, 152, 157], "excluded_lines": []}, "": {"executed_lines": [1, 6, 7, 8, 10, 11, 12, 13, 16, 19, 27, 28, 29, 35, 64, 114, 137], "summary": {"covered_lines": 15, "num_statements": 15, "percent_covered": 100.0, "percent_covered_display": "100", "missing_lines": 0, "excluded_lines": 0}, "missing_lines": [], "excluded_lines": []}}, "classes": {"AuthError": {"executed_lines": [], "summary": {"covered_lines": 0, "num_statements": 3, "percent_covered": 0.0, "percent_covered_display": "0", "missing_lines": 3, "excluded_lines": 0}, "missing_lines": [30, 31, 32], "excluded_lines": []}, "": {"executed_lines": [1, 6, 7, 8, 10, 11, 12, 13, 16, 19, 27, 28, 29, 35, 64, 114, 137], "summary": {"covered_lines": 15, "num_statements": 55, "percent_covered": 27.272727272727273, "percent_covered_display": "27", "missing_lines": 40, "excluded_lines": 0}, "missing_lines": [22, 23, 24, 48, 49, 50, 56, 57, 58, 59, 60, 61, 77, 78, 83, 85, 87, 90, 91, 92, 94, 95, 100, 102, 103, 104, 105, 106, 107, 108, 127, 128, 130, 131, 132, 134, 150, 151, 152, 157], "excluded_lines": []}}}, "app/dependencies/product.py": {"executed_lines": [1, 5, 7, 8, 9, 12, 18], "summary": {"covered_lines": 6, "num_statements": 9, "percent_covered": 66.66666666666667, "percent_covered_display": "67", "missing_lines": 3, "excluded_lines": 0}, "missing_lines": [14, 15, 22], "excluded_lines": [], "functions": {"get_product_repository": {"executed_lines": [], "summary": {"covered_lines": 0, "num_statements": 2, "percent_covered": 0.0, "percent_covered_display": "0", "missing_lines": 2, "excluded_lines": 0}, "missing_lines": [14, 15], "excluded_lines": []}, "get_product_service": {"executed_lines": [], "summary": {"covered_lines": 0, "num_statements": 1, "percent_covered": 0.0, "percent_covered_display": "0", "missing_lines": 1, "excluded_lines": 0}, "missing_lines": [22], "excluded_lines": []}, "": {"executed_lines": [1, 5, 7, 8, 9, 12, 18], "summary": {"covered_lines": 6, "num_statements": 6, "percent_covered": 100.0, "percent_covered_display": "100", "missing_lines": 0, "excluded_lines": 0}, "missing_lines": [], "excluded_lines": []}}, "classes": {"": {"executed_lines": [1, 5, 7, 8, 9, 12, 18], "summary": {"covered_lines": 6, "num_statements": 9, "percent_covered": 66.66666666666667, "percent_covered_display": "67", "missing_lines": 3, "excluded_lines": 0}, "missing_lines": [14, 15, 22], "excluded_lines": []}}}, "app/events/__init__.py": {"executed_lines": [1, 5, 6, 13], "summary": {"covered_lines": 3, "num_statements": 3, "percent_covered": 100.0, "percent_covered_display": "100", "missing_lines": 0, "excluded_lines": 0}, "missing_lines": [], "excluded_lines": [], "functions": {"": {"executed_lines": [1, 5, 6, 13], "summary": {"covered_lines": 3, "num_statements": 3, "percent_covered": 100.0, "percent_covered_display": "100", "missing_lines": 0, "excluded_lines": 0}, "missing_lines": [], "excluded_lines": []}}, "classes": {"": {"executed_lines": [1, 5, 6, 13], "summary": {"covered_lines": 3, "num_statements": 3, "percent_covered": 100.0, "percent_covered_display": "100", "missing_lines": 0, "excluded_lines": 0}, "missing_lines": [], "excluded_lines": []}}}, "app/events/consumers/__init__.py": {"executed_lines": [1, 5, 6, 8], "summary": {"covered_lines": 3, "num_statements": 3, "percent_covered": 100.0, "percent_covered_display": "100", "missing_lines": 0, "excluded_lines": 0}, "missing_lines": [], "excluded_lines": [], "functions": {"": {"executed_lines": [1, 5, 6, 8], "summary": {"covered_lines": 3, "num_statements": 3, "percent_covered": 100.0, "percent_covered_display": "100", "missing_lines": 0, "excluded_lines": 0}, "missing_lines": [], "excluded_lines": []}}, "classes": {"": {"executed_lines": [1, 5, 6, 8], "summary": {"covered_lines": 3, "num_statements": 3, "percent_covered": 100.0, "percent_covered_display": "100", "missing_lines": 0, "excluded_lines": 0}, "missing_lines": [], "excluded_lines": []}}}, "app/events/consumers/inventory_consumer.py": {"executed_lines": [1, 6, 8, 9, 12, 13, 18, 19, 20, 22, 30, 81, 125], "summary": {"covered_lines": 11, "num_statements": 39, "percent_covered": 28.205128205128204, "percent_covered_display": "28", "missing_lines": 28, "excluded_lines": 0}, "missing_lines": [24, 26, 27, 28, 41, 42, 44, 45, 47, 48, 50, 51, 55, 57, 69, 71, 72, 79, 92, 93, 95, 96, 98, 100, 111, 113, 114, 121], "excluded_lines": [], "functions": {"InventoryEventConsumer.__init__": {"executed_lines": [19, 20], "summary": {"covered_lines": 2, "num_statements": 2, "percent_covered": 100.0, "percent_covered_display": "100", "missing_lines": 0, "excluded_lines": 0}, "missing_lines": [], "excluded_lines": []}, "InventoryEventConsumer.initialize": {"executed_lines": [], "summary": {"covered_lines": 0, "num_statements": 4, "percent_covered": 0.0, "percent_covered_display": "0", "missing_lines": 4, "excluded_lines": 0}, "missing_lines": [24, 26, 27, 28], "excluded_lines": []}, "InventoryEventConsumer.handle_inventory_updated": {"executed_lines": [], "summary": {"covered_lines": 0, "num_statements": 14, "percent_covered": 0.0, "percent_covered_display": "0", "missing_lines": 14, "excluded_lines": 0}, "missing_lines": [41, 42, 44, 45, 47, 48, 50, 51, 55, 57, 69, 71, 72, 79], "excluded_lines": []}, "InventoryEventConsumer.handle_inventory_low_stock": {"executed_lines": [], "summary": {"covered_lines": 0, "num_statements": 10, "percent_covered": 0.0, "percent_covered_display": "0", "missing_lines": 10, "excluded_lines": 0}, "missing_lines": [92, 93, 95, 96, 98, 100, 111, 113, 114, 121], "excluded_lines": []}, "": {"executed_lines": [1, 6, 8, 9, 12, 13, 18, 22, 30, 81, 125], "summary": {"covered_lines": 9, "num_statements": 9, "percent_covered": 100.0, "percent_covered_display": "100", "missing_lines": 0, "excluded_lines": 0}, "missing_lines": [], "excluded_lines": []}}, "classes": {"InventoryEventConsumer": {"executed_lines": [19, 20], "summary": {"covered_lines": 2, "num_statements": 30, "percent_covered": 6.666666666666667, "percent_covered_display": "7", "missing_lines": 28, "excluded_lines": 0}, "missing_lines": [24, 26, 27, 28, 41, 42, 44, 45, 47, 48, 50, 51, 55, 57, 69, 71, 72, 79, 92, 93, 95, 96, 98, 100, 111, 113, 114, 121], "excluded_lines": []}, "": {"executed_lines": [1, 6, 8, 9, 12, 13, 18, 22, 30, 81, 125], "summary": {"covered_lines": 9, "num_statements": 9, "percent_covered": 100.0, "percent_covered_display": "100", "missing_lines": 0, "excluded_lines": 0}, "missing_lines": [], "excluded_lines": []}}}, "app/events/consumers/review_consumer.py": {"executed_lines": [1, 6, 7, 9, 10, 11, 14, 15, 21, 22, 23, 24, 26, 28, 36, 48, 49, 52, 53, 54, 55, 58, 59, 61, 64, 65, 66, 69, 70, 71, 72, 73, 75, 76, 85, 87, 98, 99, 100, 108, 111, 114, 115, 116, 117, 120, 123, 124, 125, 127, 131, 132, 135, 136, 137, 140, 143, 154, 160, 171, 183, 185, 186, 196, 198, 210, 211, 214, 215, 218, 222, 223, 224, 226, 227, 228, 229, 231, 239, 240, 242, 254, 255, 258, 259, 260, 261, 267, 268, 271, 272, 273, 274, 275, 276, 279, 280, 286, 292, 304, 314, 326, 338, 339, 342, 343, 346, 350, 351, 352, 354, 355, 356, 357, 359, 362, 371, 372, 375, 376, 377, 378, 379, 382, 385, 386, 387, 389, 392, 393, 394, 396, 399, 400, 401, 404, 405, 408, 418, 424, 435, 446, 460], "summary": {"covered_lines": 141, "num_statements": 163, "percent_covered": 86.50306748466258, "percent_covered_display": "87", "missing_lines": 22, "excluded_lines": 0}, "missing_lines": [30, 31, 32, 33, 34, 216, 219, 220, 232, 236, 256, 316, 317, 324, 344, 347, 348, 360, 373, 448, 449, 456], "excluded_lines": [], "functions": {"ReviewEventConsumer.__init__": {"executed_lines": [22, 23, 24], "summary": {"covered_lines": 3, "num_statements": 3, "percent_covered": 100.0, "percent_covered_display": "100", "missing_lines": 0, "excluded_lines": 0}, "missing_lines": [], "excluded_lines": []}, "ReviewEventConsumer.initialize": {"executed_lines": [28], "summary": {"covered_lines": 1, "num_statements": 6, "percent_covered": 16.666666666666668, "percent_covered_display": "17", "missing_lines": 5, "excluded_lines": 0}, "missing_lines": [30, 31, 32, 33, 34], "excluded_lines": []}, "ReviewEventConsumer.handle_review_created": {"executed_lines": [48, 49, 52, 53, 54, 55, 58, 59, 61, 64, 65, 66, 69, 70, 71, 72, 73, 75, 76, 85, 87, 98, 99, 100, 108, 111, 114, 115, 116, 117, 120, 123, 124, 125, 127, 131, 132, 135, 136, 137, 140, 143, 154, 160, 171, 183, 185, 186, 196], "summary": {"covered_lines": 49, "num_statements": 49, "percent_covered": 100.0, "percent_covered_display": "100", "missing_lines": 0, "excluded_lines": 0}, "missing_lines": [], "excluded_lines": []}, "ReviewEventConsumer.handle_review_updated": {"executed_lines": [210, 211, 214, 215, 218, 222, 223, 224, 226, 227, 228, 229, 231, 239, 240, 242, 254, 255, 258, 259, 260, 261, 267, 268, 271, 272, 273, 274, 275, 276, 279, 280, 286, 292, 304, 314], "summary": {"covered_lines": 36, "num_statements": 45, "percent_covered": 80.0, "percent_covered_display": "80", "missing_lines": 9, "excluded_lines": 0}, "missing_lines": [216, 219, 220, 232, 236, 256, 316, 317, 324], "excluded_lines": []}, "ReviewEventConsumer.handle_review_deleted": {"executed_lines": [338, 339, 342, 343, 346, 350, 351, 352, 354, 355, 356, 357, 359, 362, 371, 372, 375, 376, 377, 378, 379, 382, 385, 386, 387, 389, 392, 393, 394, 396, 399, 400, 401, 404, 405, 408, 418, 424, 435, 446], "summary": {"covered_lines": 40, "num_statements": 48, "percent_covered": 83.33333333333333, "percent_covered_display": "83", "missing_lines": 8, "excluded_lines": 0}, "missing_lines": [344, 347, 348, 360, 373, 448, 449, 456], "excluded_lines": []}, "": {"executed_lines": [1, 6, 7, 9, 10, 11, 14, 15, 21, 26, 36, 198, 326, 460], "summary": {"covered_lines": 12, "num_statements": 12, "percent_covered": 100.0, "percent_covered_display": "100", "missing_lines": 0, "excluded_lines": 0}, "missing_lines": [], "excluded_lines": []}}, "classes": {"ReviewEventConsumer": {"executed_lines": [22, 23, 24, 28, 48, 49, 52, 53, 54, 55, 58, 59, 61, 64, 65, 66, 69, 70, 71, 72, 73, 75, 76, 85, 87, 98, 99, 100, 108, 111, 114, 115, 116, 117, 120, 123, 124, 125, 127, 131, 132, 135, 136, 137, 140, 143, 154, 160, 171, 183, 185, 186, 196, 210, 211, 214, 215, 218, 222, 223, 224, 226, 227, 228, 229, 231, 239, 240, 242, 254, 255, 258, 259, 260, 261, 267, 268, 271, 272, 273, 274, 275, 276, 279, 280, 286, 292, 304, 314, 338, 339, 342, 343, 346, 350, 351, 352, 354, 355, 356, 357, 359, 362, 371, 372, 375, 376, 377, 378, 379, 382, 385, 386, 387, 389, 392, 393, 394, 396, 399, 400, 401, 404, 405, 408, 418, 424, 435, 446], "summary": {"covered_lines": 129, "num_statements": 151, "percent_covered": 85.43046357615894, "percent_covered_display": "85", "missing_lines": 22, "excluded_lines": 0}, "missing_lines": [30, 31, 32, 33, 34, 216, 219, 220, 232, 236, 256, 316, 317, 324, 344, 347, 348, 360, 373, 448, 449, 456], "excluded_lines": []}, "": {"executed_lines": [1, 6, 7, 9, 10, 11, 14, 15, 21, 26, 36, 198, 326, 460], "summary": {"covered_lines": 12, "num_statements": 12, "percent_covered": 100.0, "percent_covered_display": "100", "missing_lines": 0, "excluded_lines": 0}, "missing_lines": [], "excluded_lines": []}}}, "app/events/publishers/__init__.py": {"executed_lines": [1, 5, 7], "summary": {"covered_lines": 2, "num_statements": 2, "percent_covered": 100.0, "percent_covered_display": "100", "missing_lines": 0, "excluded_lines": 0}, "missing_lines": [], "excluded_lines": [], "functions": {"": {"executed_lines": [1, 5, 7], "summary": {"covered_lines": 2, "num_statements": 2, "percent_covered": 100.0, "percent_covered_display": "100", "missing_lines": 0, "excluded_lines": 0}, "missing_lines": [], "excluded_lines": []}}, "classes": {"": {"executed_lines": [1, 5, 7], "summary": {"covered_lines": 2, "num_statements": 2, "percent_covered": 100.0, "percent_covered_display": "100", "missing_lines": 0, "excluded_lines": 0}, "missing_lines": [], "excluded_lines": []}}}, "app/events/publishers/publisher.py": {"executed_lines": [1, 6, 7, 8, 10, 11, 12, 16, 17, 18, 21, 22, 27, 28, 29, 31, 48, 49, 53, 56, 57, 60, 71, 73, 74, 81, 90, 92, 95, 104, 106, 114, 120, 122, 130, 136, 138, 145, 150, 154], "summary": {"covered_lines": 38, "num_statements": 40, "percent_covered": 95.0, "percent_covered_display": "95", "missing_lines": 2, "excluded_lines": 0}, "missing_lines": [13, 14], "excluded_lines": [], "functions": {"DaprEventPublisher.__init__": {"executed_lines": [28, 29], "summary": {"covered_lines": 2, "num_statements": 2, "percent_covered": 100.0, "percent_covered_display": "100", "missing_lines": 0, "excluded_lines": 0}, "missing_lines": [], "excluded_lines": []}, "DaprEventPublisher.publish_event": {"executed_lines": [48, 49, 53, 56, 57, 60, 71, 73, 74, 81, 90, 92, 95, 104], "summary": {"covered_lines": 14, "num_statements": 14, "percent_covered": 100.0, "percent_covered_display": "100", "missing_lines": 0, "excluded_lines": 0}, "missing_lines": [], "excluded_lines": []}, "DaprEventPublisher.publish_product_created": {"executed_lines": [114, 120], "summary": {"covered_lines": 2, "num_statements": 2, "percent_covered": 100.0, "percent_covered_display": "100", "missing_lines": 0, "excluded_lines": 0}, "missing_lines": [], "excluded_lines": []}, "DaprEventPublisher.publish_product_updated": {"executed_lines": [130, 136], "summary": {"covered_lines": 2, "num_statements": 2, "percent_covered": 100.0, "percent_covered_display": "100", "missing_lines": 0, "excluded_lines": 0}, "missing_lines": [], "excluded_lines": []}, "DaprEventPublisher.publish_product_deleted": {"executed_lines": [145, 150], "summary": {"covered_lines": 2, "num_statements": 2, "percent_covered": 100.0, "percent_covered_display": "100", "missing_lines": 0, "excluded_lines": 0}, "missing_lines": [], "excluded_lines": []}, "": {"executed_lines": [1, 6, 7, 8, 10, 11, 12, 16, 17, 18, 21, 22, 27, 31, 106, 122, 138, 154], "summary": {"covered_lines": 16, "num_statements": 18, "percent_covered": 88.88888888888889, "percent_covered_display": "89", "missing_lines": 2, "excluded_lines": 0}, "missing_lines": [13, 14], "excluded_lines": []}}, "classes": {"DaprEventPublisher": {"executed_lines": [28, 29, 48, 49, 53, 56, 57, 60, 71, 73, 74, 81, 90, 92, 95, 104, 114, 120, 130, 136, 145, 150], "summary": {"covered_lines": 22, "num_statements": 22, "percent_covered": 100.0, "percent_covered_display": "100", "missing_lines": 0, "excluded_lines": 0}, "missing_lines": [], "excluded_lines": []}, "": {"executed_lines": [1, 6, 7, 8, 10, 11, 12, 16, 17, 18, 21, 22, 27, 31, 106, 122, 138, 154], "summary": {"covered_lines": 16, "num_statements": 18, "percent_covered": 88.88888888888889, "percent_covered_display": "89", "missing_lines": 2, "excluded_lines": 0}, "missing_lines": [13, 14], "excluded_lines": []}}}, "app/middleware/__init__.py": {"executed_lines": [1, 5, 7], "summary": {"covered_lines": 2, "num_statements": 2, "percent_covered": 100.0, "percent_covered_display": "100", "missing_lines": 0, "excluded_lines": 0}, "missing_lines": [], "excluded_lines": [], "functions": {"": {"executed_lines": [1, 5, 7], "summary": {"covered_lines": 2, "num_statements": 2, "percent_covered": 100.0, "percent_covered_display": "100", "missing_lines": 0, "excluded_lines": 0}, "missing_lines": [], "excluded_lines": []}}, "classes": {"": {"executed_lines": [1, 5, 7], "summary": {"covered_lines": 2, "num_statements": 2, "percent_covered": 100.0, "percent_covered_display": "100", "missing_lines": 0, "excluded_lines": 0}, "missing_lines": [], "excluded_lines": []}}}, "app/middleware/trace_context.py": {"executed_lines": [1, 7, 8, 9, 10, 12, 13, 16, 17, 20, 22, 25, 27, 30, 32, 33, 36, 47, 48, 51, 52, 54, 55, 57, 58, 60, 63, 70, 71, 72, 75, 76, 85, 87, 88, 90, 91, 94, 97, 98, 99, 102, 105, 106, 107, 109], "summary": {"covered_lines": 44, "num_statements": 44, "percent_covered": 100.0, "percent_covered_display": "100", "missing_lines": 0, "excluded_lines": 0}, "missing_lines": [], "excluded_lines": [], "functions": {"get_trace_id": {"executed_lines": [22], "summary": {"covered_lines": 1, "num_statements": 1, "percent_covered": 100.0, "percent_covered_display": "100", "missing_lines": 0, "excluded_lines": 0}, "missing_lines": [], "excluded_lines": []}, "get_span_id": {"executed_lines": [27], "summary": {"covered_lines": 1, "num_statements": 1, "percent_covered": 100.0, "percent_covered_display": "100", "missing_lines": 0, "excluded_lines": 0}, "missing_lines": [], "excluded_lines": []}, "set_trace_context": {"executed_lines": [32, 33], "summary": {"covered_lines": 2, "num_statements": 2, "percent_covered": 100.0, "percent_covered_display": "100", "missing_lines": 0, "excluded_lines": 0}, "missing_lines": [], "excluded_lines": []}, "extract_trace_context": {"executed_lines": [47, 48, 51, 52, 54, 55, 57, 58, 60], "summary": {"covered_lines": 9, "num_statements": 9, "percent_covered": 100.0, "percent_covered_display": "100", "missing_lines": 0, "excluded_lines": 0}, "missing_lines": [], "excluded_lines": []}, "generate_trace_context": {"executed_lines": [70, 71, 72], "summary": {"covered_lines": 3, "num_statements": 3, "percent_covered": 100.0, "percent_covered_display": "100", "missing_lines": 0, "excluded_lines": 0}, "missing_lines": [], "excluded_lines": []}, "TraceContextMiddleware.dispatch": {"executed_lines": [87, 88, 90, 91, 94, 97, 98, 99, 102, 105, 106, 107, 109], "summary": {"covered_lines": 13, "num_statements": 13, "percent_covered": 100.0, "percent_covered_display": "100", "missing_lines": 0, "excluded_lines": 0}, "missing_lines": [], "excluded_lines": []}, "": {"executed_lines": [1, 7, 8, 9, 10, 12, 13, 16, 17, 20, 25, 30, 36, 63, 75, 76, 85], "summary": {"covered_lines": 15, "num_statements": 15, "percent_covered": 100.0, "percent_covered_display": "100", "missing_lines": 0, "excluded_lines": 0}, "missing_lines": [], "excluded_lines": []}}, "classes": {"TraceContextMiddleware": {"executed_lines": [87, 88, 90, 91, 94, 97, 98, 99, 102, 105, 106, 107, 109], "summary": {"covered_lines": 13, "num_statements": 13, "percent_covered": 100.0, "percent_covered_display": "100", "missing_lines": 0, "excluded_lines": 0}, "missing_lines": [], "excluded_lines": []}, "": {"executed_lines": [1, 7, 8, 9, 10, 12, 13, 16, 17, 20, 22, 25, 27, 30, 32, 33, 36, 47, 48, 51, 52, 54, 55, 57, 58, 60, 63, 70, 71, 72, 75, 76, 85], "summary": {"covered_lines": 31, "num_statements": 31, "percent_covered": 100.0, "percent_covered_display": "100", "missing_lines": 0, "excluded_lines": 0}, "missing_lines": [], "excluded_lines": []}}}, "app/models/__init__.py": {"executed_lines": [1], "summary": {"covered_lines": 0, "num_statements": 0, "percent_covered": 100.0, "percent_covered_display": "100", "missing_lines": 0, "excluded_lines": 0}, "missing_lines": [], "excluded_lines": [], "functions": {"": {"executed_lines": [1], "summary": {"covered_lines": 0, "num_statements": 0, "percent_covered": 100.0, "percent_covered_display": "100", "missing_lines": 0, "excluded_lines": 0}, "missing_lines": [], "excluded_lines": []}}, "classes": {"": {"executed_lines": [1], "summary": {"covered_lines": 0, "num_statements": 0, "percent_covered": 100.0, "percent_covered_display": "100", "missing_lines": 0, "excluded_lines": 0}, "missing_lines": [], "excluded_lines": []}}}, "app/models/product.py": {"executed_lines": [1, 5, 6, 8, 11, 13, 16, 17, 18, 19, 20, 23, 24, 25, 26, 27, 28, 29, 31, 32, 35, 36, 37, 38, 39, 40, 41, 42, 43, 46, 47, 50, 51, 52, 53, 54, 57, 58, 59, 60, 63, 64, 67, 68, 71, 74, 77, 78, 79, 80, 81, 82, 85, 86, 87], "summary": {"covered_lines": 49, "num_statements": 49, "percent_covered": 100.0, "percent_covered_display": "100", "missing_lines": 0, "excluded_lines": 0}, "missing_lines": [], "excluded_lines": [], "functions": {"utc_now": {"executed_lines": [13], "summary": {"covered_lines": 1, "num_statements": 1, "percent_covered": 100.0, "percent_covered_display": "100", "missing_lines": 0, "excluded_lines": 0}, "missing_lines": [], "excluded_lines": []}, "": {"executed_lines": [1, 5, 6, 8, 11, 16, 17, 18, 19, 20, 23, 24, 25, 26, 27, 28, 29, 31, 32, 35, 36, 37, 38, 39, 40, 41, 42, 43, 46, 47, 50, 51, 52, 53, 54, 57, 58, 59, 60, 63, 64, 67, 68, 71, 74, 77, 78, 79, 80, 81, 82, 85, 86, 87], "summary": {"covered_lines": 48, "num_statements": 48, "percent_covered": 100.0, "percent_covered_display": "100", "missing_lines": 0, "excluded_lines": 0}, "missing_lines": [], "excluded_lines": []}}, "classes": {"ProductHistoryEntry": {"executed_lines": [], "summary": {"covered_lines": 0, "num_statements": 0, "percent_covered": 100.0, "percent_covered_display": "100", "missing_lines": 0, "excluded_lines": 0}, "missing_lines": [], "excluded_lines": []}, "RatingDistribution": {"executed_lines": [], "summary": {"covered_lines": 0, "num_statements": 0, "percent_covered": 100.0, "percent_covered_display": "100", "missing_lines": 0, "excluded_lines": 0}, "missing_lines": [], "excluded_lines": []}, "RatingDistribution.Config": {"executed_lines": [], "summary": {"covered_lines": 0, "num_statements": 0, "percent_covered": 100.0, "percent_covered_display": "100", "missing_lines": 0, "excluded_lines": 0}, "missing_lines": [], "excluded_lines": []}, "ReviewAggregates": {"executed_lines": [], "summary": {"covered_lines": 0, "num_statements": 0, "percent_covered": 100.0, "percent_covered_display": "100", "missing_lines": 0, "excluded_lines": 0}, "missing_lines": [], "excluded_lines": []}, "ProductBase": {"executed_lines": [], "summary": {"covered_lines": 0, "num_statements": 0, "percent_covered": 100.0, "percent_covered_display": "100", "missing_lines": 0, "excluded_lines": 0}, "missing_lines": [], "excluded_lines": []}, "Product": {"executed_lines": [], "summary": {"covered_lines": 0, "num_statements": 0, "percent_covered": 100.0, "percent_covered_display": "100", "missing_lines": 0, "excluded_lines": 0}, "missing_lines": [], "excluded_lines": []}, "": {"executed_lines": [1, 5, 6, 8, 11, 13, 16, 17, 18, 19, 20, 23, 24, 25, 26, 27, 28, 29, 31, 32, 35, 36, 37, 38, 39, 40, 41, 42, 43, 46, 47, 50, 51, 52, 53, 54, 57, 58, 59, 60, 63, 64, 67, 68, 71, 74, 77, 78, 79, 80, 81, 82, 85, 86, 87], "summary": {"covered_lines": 49, "num_statements": 49, "percent_covered": 100.0, "percent_covered_display": "100", "missing_lines": 0, "excluded_lines": 0}, "missing_lines": [], "excluded_lines": []}}}, "app/models/user.py": {"executed_lines": [1, 5, 6, 9, 10, 12, 13, 14, 16, 20], "summary": {"covered_lines": 8, "num_statements": 10, "percent_covered": 80.0, "percent_covered_display": "80", "missing_lines": 2, "excluded_lines": 0}, "missing_lines": [18, 22], "excluded_lines": [], "functions": {"User.is_admin": {"executed_lines": [], "summary": {"covered_lines": 0, "num_statements": 1, "percent_covered": 0.0, "percent_covered_display": "0", "missing_lines": 1, "excluded_lines": 0}, "missing_lines": [18], "excluded_lines": []}, "User.has_role": {"executed_lines": [], "summary": {"covered_lines": 0, "num_statements": 1, "percent_covered": 0.0, "percent_covered_display": "0", "missing_lines": 1, "excluded_lines": 0}, "missing_lines": [22], "excluded_lines": []}, "": {"executed_lines": [1, 5, 6, 9, 10, 12, 13, 14, 16, 20], "summary": {"covered_lines": 8, "num_statements": 8, "percent_covered": 100.0, "percent_covered_display": "100", "missing_lines": 0, "excluded_lines": 0}, "missing_lines": [], "excluded_lines": []}}, "classes": {"User": {"executed_lines": [], "summary": {"covered_lines": 0, "num_statements": 2, "percent_covered": 0.0, "percent_covered_display": "0", "missing_lines": 2, "excluded_lines": 0}, "missing_lines": [18, 22], "excluded_lines": []}, "": {"executed_lines": [1, 5, 6, 9, 10, 12, 13, 14, 16, 20], "summary": {"covered_lines": 8, "num_statements": 8, "percent_covered": 100.0, "percent_covered_display": "100", "missing_lines": 0, "excluded_lines": 0}, "missing_lines": [], "excluded_lines": []}}}, "app/repositories/__init__.py": {"executed_lines": [1], "summary": {"covered_lines": 0, "num_statements": 0, "percent_covered": 100.0, "percent_covered_display": "100", "missing_lines": 0, "excluded_lines": 0}, "missing_lines": [], "excluded_lines": [], "functions": {"": {"executed_lines": [1], "summary": {"covered_lines": 0, "num_statements": 0, "percent_covered": 100.0, "percent_covered_display": "100", "missing_lines": 0, "excluded_lines": 0}, "missing_lines": [], "excluded_lines": []}}, "classes": {"": {"executed_lines": [1], "summary": {"covered_lines": 0, "num_statements": 0, "percent_covered": 100.0, "percent_covered_display": "100", "missing_lines": 0, "excluded_lines": 0}, "missing_lines": [], "excluded_lines": []}}}, "app/repositories/processed_events.py": {"executed_lines": [1, 5, 6, 7, 8, 10, 13, 14, 16, 20, 36, 49, 87], "summary": {"covered_lines": 11, "num_statements": 34, "percent_covered": 32.35294117647059, "percent_covered_display": "32", "missing_lines": 23, "excluded_lines": 0}, "missing_lines": [17, 18, 22, 23, 25, 32, 33, 34, 46, 47, 68, 69, 77, 78, 80, 82, 83, 84, 85, 97, 99, 108, 110], "excluded_lines": [], "functions": {"ProcessedEventRepository.__init__": {"executed_lines": [], "summary": {"covered_lines": 0, "num_statements": 2, "percent_covered": 0.0, "percent_covered_display": "0", "missing_lines": 2, "excluded_lines": 0}, "missing_lines": [17, 18], "excluded_lines": []}, "ProcessedEventRepository.ensure_indexes": {"executed_lines": [], "summary": {"covered_lines": 0, "num_statements": 6, "percent_covered": 0.0, "percent_covered_display": "0", "missing_lines": 6, "excluded_lines": 0}, "missing_lines": [22, 23, 25, 32, 33, 34], "excluded_lines": []}, "ProcessedEventRepository.is_processed": {"executed_lines": [], "summary": {"covered_lines": 0, "num_statements": 2, "percent_covered": 0.0, "percent_covered_display": "0", "missing_lines": 2, "excluded_lines": 0}, "missing_lines": [46, 47], "excluded_lines": []}, "ProcessedEventRepository.mark_processed": {"executed_lines": [], "summary": {"covered_lines": 0, "num_statements": 9, "percent_covered": 0.0, "percent_covered_display": "0", "missing_lines": 9, "excluded_lines": 0}, "missing_lines": [68, 69, 77, 78, 80, 82, 83, 84, 85], "excluded_lines": []}, "ProcessedEventRepository.get_processed_count": {"executed_lines": [], "summary": {"covered_lines": 0, "num_statements": 4, "percent_covered": 0.0, "percent_covered_display": "0", "missing_lines": 4, "excluded_lines": 0}, "missing_lines": [97, 99, 108, 110], "excluded_lines": []}, "": {"executed_lines": [1, 5, 6, 7, 8, 10, 13, 14, 16, 20, 36, 49, 87], "summary": {"covered_lines": 11, "num_statements": 11, "percent_covered": 100.0, "percent_covered_display": "100", "missing_lines": 0, "excluded_lines": 0}, "missing_lines": [], "excluded_lines": []}}, "classes": {"ProcessedEventRepository": {"executed_lines": [], "summary": {"covered_lines": 0, "num_statements": 23, "percent_covered": 0.0, "percent_covered_display": "0", "missing_lines": 23, "excluded_lines": 0}, "missing_lines": [17, 18, 22, 23, 25, 32, 33, 34, 46, 47, 68, 69, 77, 78, 80, 82, 83, 84, 85, 97, 99, 108, 110], "excluded_lines": []}, "": {"executed_lines": [1, 5, 6, 7, 8, 10, 13, 14, 16, 20, 36, 49, 87], "summary": {"covered_lines": 11, "num_statements": 11, "percent_covered": 100.0, "percent_covered_display": "100", "missing_lines": 0, "excluded_lines": 0}, "missing_lines": [], "excluded_lines": []}}}, "app/repositories/product.py": {"executed_lines": [1, 5, 6, 7, 9, 10, 12, 13, 14, 17, 18, 20, 21, 23, 25, 26, 29, 32, 33, 37, 38, 43, 44, 45, 47, 49, 51, 53, 54, 63, 66, 67, 69, 70, 71, 73, 75, 77, 78, 80, 81, 83, 84, 85, 87, 89, 91, 92, 94, 97, 98, 99, 102, 103, 107, 108, 109, 114, 117, 120, 125, 129, 130, 136, 138, 140, 141, 143, 148, 150, 151, 152, 154, 206, 268, 318, 367, 383, 496, 513, 515, 516, 517, 520, 521, 527], "summary": {"covered_lines": 84, "num_statements": 231, "percent_covered": 36.36363636363637, "percent_covered_display": "36", "missing_lines": 147, "excluded_lines": 0}, "missing_lines": [34, 39, 40, 104, 126, 132, 133, 134, 156, 158, 159, 161, 164, 165, 166, 169, 170, 173, 179, 180, 185, 193, 199, 200, 202, 203, 204, 217, 219, 222, 223, 224, 232, 233, 234, 235, 236, 237, 240, 241, 242, 243, 244, 245, 246, 249, 250, 253, 254, 257, 260, 262, 264, 265, 266, 278, 279, 282, 283, 284, 285, 286, 287, 290, 291, 292, 293, 294, 295, 296, 299, 300, 303, 304, 307, 310, 312, 314, 315, 316, 320, 321, 358, 359, 361, 363, 364, 365, 369, 370, 374, 375, 377, 379, 380, 381, 392, 393, 395, 398, 400, 429, 432, 433, 457, 460, 461, 462, 464, 465, 467, 468, 470, 471, 472, 474, 475, 478, 479, 481, 482, 485, 486, 488, 490, 492, 493, 494, 498, 499, 500, 504, 509, 510, 511, 518, 523, 524, 525, 529, 530, 531, 533, 536, 538, 539, 540], "excluded_lines": [], "functions": {"ProductRepository.__init__": {"executed_lines": [21], "summary": {"covered_lines": 1, "num_statements": 1, "percent_covered": 100.0, "percent_covered_display": "100", "missing_lines": 0, "excluded_lines": 0}, "missing_lines": [], "excluded_lines": []}, "ProductRepository._doc_to_response": {"executed_lines": [25, 26, 29, 32, 33, 37, 38, 43, 44, 45, 47], "summary": {"covered_lines": 11, "num_statements": 14, "percent_covered": 78.57142857142857, "percent_covered_display": "79", "missing_lines": 3, "excluded_lines": 0}, "missing_lines": [34, 39, 40], "excluded_lines": []}, "ProductRepository.create": {"executed_lines": [51, 53, 54, 63, 66, 67, 69, 70, 71], "summary": {"covered_lines": 9, "num_statements": 9, "percent_covered": 100.0, "percent_covered_display": "100", "missing_lines": 0, "excluded_lines": 0}, "missing_lines": [], "excluded_lines": []}, "ProductRepository.get_by_id": {"executed_lines": [75, 77, 78, 80, 81, 83, 84, 85], "summary": {"covered_lines": 8, "num_statements": 8, "percent_covered": 100.0, "percent_covered_display": "100", "missing_lines": 0, "excluded_lines": 0}, "missing_lines": [], "excluded_lines": []}, "ProductRepository.update": {"executed_lines": [89, 91, 92, 94, 97, 98, 99, 102, 103, 107, 108, 109, 114, 117, 120, 125, 129, 130], "summary": {"covered_lines": 18, "num_statements": 23, "percent_covered": 78.26086956521739, "percent_covered_display": "78", "missing_lines": 5, "excluded_lines": 0}, "missing_lines": [104, 126, 132, 133, 134], "excluded_lines": []}, "ProductRepository.delete": {"executed_lines": [138, 140, 141, 143, 148, 150, 151, 152], "summary": {"covered_lines": 8, "num_statements": 8, "percent_covered": 100.0, "percent_covered_display": "100", "missing_lines": 0, "excluded_lines": 0}, "missing_lines": [], "excluded_lines": []}, "ProductRepository.reactivate": {"executed_lines": [], "summary": {"covered_lines": 0, "num_statements": 19, "percent_covered": 0.0, "percent_covered_display": "0", "missing_lines": 19, "excluded_lines": 0}, "missing_lines": [156, 158, 159, 161, 164, 165, 166, 169, 170, 173, 179, 180, 185, 193, 199, 200, 202, 203, 204], "excluded_lines": []}, "ProductRepository.search": {"executed_lines": [], "summary": {"covered_lines": 0, "num_statements": 28, "percent_covered": 0.0, "percent_covered_display": "0", "missing_lines": 28, "excluded_lines": 0}, "missing_lines": [217, 219, 222, 223, 224, 232, 233, 234, 235, 236, 237, 240, 241, 242, 243, 244, 245, 246, 249, 250, 253, 254, 257, 260, 262, 264, 265, 266], "excluded_lines": []}, "ProductRepository.list_products": {"executed_lines": [], "summary": {"covered_lines": 0, "num_statements": 25, "percent_covered": 0.0, "percent_covered_display": "0", "missing_lines": 25, "excluded_lines": 0}, "missing_lines": [278, 279, 282, 283, 284, 285, 286, 287, 290, 291, 292, 293, 294, 295, 296, 299, 300, 303, 304, 307, 310, 312, 314, 315, 316], "excluded_lines": []}, "ProductRepository.get_trending_categories": {"executed_lines": [], "summary": {"covered_lines": 0, "num_statements": 8, "percent_covered": 0.0, "percent_covered_display": "0", "missing_lines": 8, "excluded_lines": 0}, "missing_lines": [320, 321, 358, 359, 361, 363, 364, 365], "excluded_lines": []}, "ProductRepository.get_trending_products": {"executed_lines": [], "summary": {"covered_lines": 0, "num_statements": 8, "percent_covered": 0.0, "percent_covered_display": "0", "missing_lines": 8, "excluded_lines": 0}, "missing_lines": [369, 370, 374, 375, 377, 379, 380, 381], "excluded_lines": []}, "ProductRepository.get_trending_products_with_scores": {"executed_lines": [], "summary": {"covered_lines": 0, "num_statements": 32, "percent_covered": 0.0, "percent_covered_display": "0", "missing_lines": 32, "excluded_lines": 0}, "missing_lines": [392, 393, 395, 398, 400, 429, 432, 433, 457, 460, 461, 462, 464, 465, 467, 468, 470, 471, 472, 474, 475, 478, 479, 481, 482, 485, 486, 488, 490, 492, 493, 494], "excluded_lines": []}, "ProductRepository.get_stats": {"executed_lines": [], "summary": {"covered_lines": 0, "num_statements": 7, "percent_covered": 0.0, "percent_covered_display": "0", "missing_lines": 7, "excluded_lines": 0}, "missing_lines": [498, 499, 500, 504, 509, 510, 511], "excluded_lines": []}, "ProductRepository.check_sku_exists": {"executed_lines": [515, 516, 517, 520, 521], "summary": {"covered_lines": 5, "num_statements": 9, "percent_covered": 55.55555555555556, "percent_covered_display": "56", "missing_lines": 4, "excluded_lines": 0}, "missing_lines": [518, 523, 524, 525], "excluded_lines": []}, "ProductRepository.exists": {"executed_lines": [], "summary": {"covered_lines": 0, "num_statements": 8, "percent_covered": 0.0, "percent_covered_display": "0", "missing_lines": 8, "excluded_lines": 0}, "missing_lines": [529, 530, 531, 533, 536, 538, 539, 540], "excluded_lines": []}, "": {"executed_lines": [1, 5, 6, 7, 9, 10, 12, 13, 14, 17, 18, 20, 23, 49, 73, 87, 136, 154, 206, 268, 318, 367, 383, 496, 513, 527], "summary": {"covered_lines": 24, "num_statements": 24, "percent_covered": 100.0, "percent_covered_display": "100", "missing_lines": 0, "excluded_lines": 0}, "missing_lines": [], "excluded_lines": []}}, "classes": {"ProductRepository": {"executed_lines": [21, 25, 26, 29, 32, 33, 37, 38, 43, 44, 45, 47, 51, 53, 54, 63, 66, 67, 69, 70, 71, 75, 77, 78, 80, 81, 83, 84, 85, 89, 91, 92, 94, 97, 98, 99, 102, 103, 107, 108, 109, 114, 117, 120, 125, 129, 130, 138, 140, 141, 143, 148, 150, 151, 152, 515, 516, 517, 520, 521], "summary": {"covered_lines": 60, "num_statements": 207, "percent_covered": 28.985507246376812, "percent_covered_display": "29", "missing_lines": 147, "excluded_lines": 0}, "missing_lines": [34, 39, 40, 104, 126, 132, 133, 134, 156, 158, 159, 161, 164, 165, 166, 169, 170, 173, 179, 180, 185, 193, 199, 200, 202, 203, 204, 217, 219, 222, 223, 224, 232, 233, 234, 235, 236, 237, 240, 241, 242, 243, 244, 245, 246, 249, 250, 253, 254, 257, 260, 262, 264, 265, 266, 278, 279, 282, 283, 284, 285, 286, 287, 290, 291, 292, 293, 294, 295, 296, 299, 300, 303, 304, 307, 310, 312, 314, 315, 316, 320, 321, 358, 359, 361, 363, 364, 365, 369, 370, 374, 375, 377, 379, 380, 381, 392, 393, 395, 398, 400, 429, 432, 433, 457, 460, 461, 462, 464, 465, 467, 468, 470, 471, 472, 474, 475, 478, 479, 481, 482, 485, 486, 488, 490, 492, 493, 494, 498, 499, 500, 504, 509, 510, 511, 518, 523, 524, 525, 529, 530, 531, 533, 536, 538, 539, 540], "excluded_lines": []}, "": {"executed_lines": [1, 5, 6, 7, 9, 10, 12, 13, 14, 17, 18, 20, 23, 49, 73, 87, 136, 154, 206, 268, 318, 367, 383, 496, 513, 527], "summary": {"covered_lines": 24, "num_statements": 24, "percent_covered": 100.0, "percent_covered_display": "100", "missing_lines": 0, "excluded_lines": 0}, "missing_lines": [], "excluded_lines": []}}}, "app/schemas/__init__.py": {"executed_lines": [1], "summary": {"covered_lines": 0, "num_statements": 0, "percent_covered": 100.0, "percent_covered_display": "100", "missing_lines": 0, "excluded_lines": 0}, "missing_lines": [], "excluded_lines": [], "functions": {"": {"executed_lines": [1], "summary": {"covered_lines": 0, "num_statements": 0, "percent_covered": 100.0, "percent_covered_display": "100", "missing_lines": 0, "excluded_lines": 0}, "missing_lines": [], "excluded_lines": []}}, "classes": {"": {"executed_lines": [1], "summary": {"covered_lines": 0, "num_statements": 0, "percent_covered": 100.0, "percent_covered_display": "100", "missing_lines": 0, "excluded_lines": 0}, "missing_lines": [], "excluded_lines": []}}}, "app/schemas/product.py": {"executed_lines": [1, 5, 6, 8, 11, 12, 13, 14, 15, 16, 17, 20, 21, 22, 23, 26, 27, 30, 31, 34, 37, 38, 39, 40, 41, 42, 43, 46, 47, 48, 49, 52, 53, 56, 57, 60, 63, 64, 65, 67, 68, 71, 72, 73, 74, 75, 76, 79, 80, 81, 82], "summary": {"covered_lines": 45, "num_statements": 45, "percent_covered": 100.0, "percent_covered_display": "100", "missing_lines": 0, "excluded_lines": 0}, "missing_lines": [], "excluded_lines": [], "functions": {"": {"executed_lines": [1, 5, 6, 8, 11, 12, 13, 14, 15, 16, 17, 20, 21, 22, 23, 26, 27, 30, 31, 34, 37, 38, 39, 40, 41, 42, 43, 46, 47, 48, 49, 52, 53, 56, 57, 60, 63, 64, 65, 67, 68, 71, 72, 73, 74, 75, 76, 79, 80, 81, 82], "summary": {"covered_lines": 45, "num_statements": 45, "percent_covered": 100.0, "percent_covered_display": "100", "missing_lines": 0, "excluded_lines": 0}, "missing_lines": [], "excluded_lines": []}}, "classes": {"ProductCreate": {"executed_lines": [], "summary": {"covered_lines": 0, "num_statements": 0, "percent_covered": 100.0, "percent_covered_display": "100", "missing_lines": 0, "excluded_lines": 0}, "missing_lines": [], "excluded_lines": []}, "ProductUpdate": {"executed_lines": [], "summary": {"covered_lines": 0, "num_statements": 0, "percent_covered": 100.0, "percent_covered_display": "100", "missing_lines": 0, "excluded_lines": 0}, "missing_lines": [], "excluded_lines": []}, "ProductResponse": {"executed_lines": [], "summary": {"covered_lines": 0, "num_statements": 0, "percent_covered": 100.0, "percent_covered_display": "100", "missing_lines": 0, "excluded_lines": 0}, "missing_lines": [], "excluded_lines": []}, "ProductResponse.Config": {"executed_lines": [], "summary": {"covered_lines": 0, "num_statements": 0, "percent_covered": 100.0, "percent_covered_display": "100", "missing_lines": 0, "excluded_lines": 0}, "missing_lines": [], "excluded_lines": []}, "ProductSearchResponse": {"executed_lines": [], "summary": {"covered_lines": 0, "num_statements": 0, "percent_covered": 100.0, "percent_covered_display": "100", "missing_lines": 0, "excluded_lines": 0}, "missing_lines": [], "excluded_lines": []}, "ProductStatsResponse": {"executed_lines": [], "summary": {"covered_lines": 0, "num_statements": 0, "percent_covered": 100.0, "percent_covered_display": "100", "missing_lines": 0, "excluded_lines": 0}, "missing_lines": [], "excluded_lines": []}, "": {"executed_lines": [1, 5, 6, 8, 11, 12, 13, 14, 15, 16, 17, 20, 21, 22, 23, 26, 27, 30, 31, 34, 37, 38, 39, 40, 41, 42, 43, 46, 47, 48, 49, 52, 53, 56, 57, 60, 63, 64, 65, 67, 68, 71, 72, 73, 74, 75, 76, 79, 80, 81, 82], "summary": {"covered_lines": 45, "num_statements": 45, "percent_covered": 100.0, "percent_covered_display": "100", "missing_lines": 0, "excluded_lines": 0}, "missing_lines": [], "excluded_lines": []}}}, "app/services/__init__.py": {"executed_lines": [1, 5, 7], "summary": {"covered_lines": 2, "num_statements": 2, "percent_covered": 100.0, "percent_covered_display": "100", "missing_lines": 0, "excluded_lines": 0}, "missing_lines": [], "excluded_lines": [], "functions": {"": {"executed_lines": [1, 5, 7], "summary": {"covered_lines": 2, "num_statements": 2, "percent_covered": 100.0, "percent_covered_display": "100", "missing_lines": 0, "excluded_lines": 0}, "missing_lines": [], "excluded_lines": []}}, "classes": {"": {"executed_lines": [1, 5, 7], "summary": {"covered_lines": 2, "num_statements": 2, "percent_covered": 100.0, "percent_covered_display": "100", "missing_lines": 0, "excluded_lines": 0}, "missing_lines": [], "excluded_lines": []}}}, "app/services/product.py": {"executed_lines": [1, 5, 6, 8, 9, 10, 11, 12, 13, 16, 17, 19, 22, 51, 64, 95, 113, 145, 175, 221, 232, 243, 257, 318], "summary": {"covered_lines": 22, "num_statements": 95, "percent_covered": 23.157894736842106, "percent_covered_display": "23", "missing_lines": 73, "excluded_lines": 0}, "missing_lines": [20, 25, 26, 29, 30, 31, 34, 36, 42, 49, 53, 54, 55, 57, 62, 67, 68, 71, 72, 73, 76, 77, 78, 80, 86, 93, 97, 98, 99, 101, 107, 116, 117, 118, 120, 121, 124, 125, 126, 132, 134, 143, 156, 157, 159, 165, 166, 168, 185, 191, 192, 194, 212, 214, 223, 225, 230, 234, 236, 241, 245, 247, 255, 275, 276, 286, 291, 300, 304, 305, 313, 320, 321], "excluded_lines": [], "functions": {"ProductService.__init__": {"executed_lines": [], "summary": {"covered_lines": 0, "num_statements": 1, "percent_covered": 0.0, "percent_covered_display": "0", "missing_lines": 1, "excluded_lines": 0}, "missing_lines": [20], "excluded_lines": []}, "ProductService.create_product": {"executed_lines": [], "summary": {"covered_lines": 0, "num_statements": 9, "percent_covered": 0.0, "percent_covered_display": "0", "missing_lines": 9, "excluded_lines": 0}, "missing_lines": [25, 26, 29, 30, 31, 34, 36, 42, 49], "excluded_lines": []}, "ProductService.get_product": {"executed_lines": [], "summary": {"covered_lines": 0, "num_statements": 5, "percent_covered": 0.0, "percent_covered_display": "0", "missing_lines": 5, "excluded_lines": 0}, "missing_lines": [53, 54, 55, 57, 62], "excluded_lines": []}, "ProductService.update_product": {"executed_lines": [], "summary": {"covered_lines": 0, "num_statements": 11, "percent_covered": 0.0, "percent_covered_display": "0", "missing_lines": 11, "excluded_lines": 0}, "missing_lines": [67, 68, 71, 72, 73, 76, 77, 78, 80, 86, 93], "excluded_lines": []}, "ProductService.delete_product": {"executed_lines": [], "summary": {"covered_lines": 0, "num_statements": 5, "percent_covered": 0.0, "percent_covered_display": "0", "missing_lines": 5, "excluded_lines": 0}, "missing_lines": [97, 98, 99, 101, 107], "excluded_lines": []}, "ProductService.reactivate_product": {"executed_lines": [], "summary": {"covered_lines": 0, "num_statements": 11, "percent_covered": 0.0, "percent_covered_display": "0", "missing_lines": 11, "excluded_lines": 0}, "missing_lines": [116, 117, 118, 120, 121, 124, 125, 126, 132, 134, 143], "excluded_lines": []}, "ProductService.search_products": {"executed_lines": [], "summary": {"covered_lines": 0, "num_statements": 6, "percent_covered": 0.0, "percent_covered_display": "0", "missing_lines": 6, "excluded_lines": 0}, "missing_lines": [156, 157, 159, 165, 166, 168], "excluded_lines": []}, "ProductService.list_products": {"executed_lines": [], "summary": {"covered_lines": 0, "num_statements": 6, "percent_covered": 0.0, "percent_covered_display": "0", "missing_lines": 6, "excluded_lines": 0}, "missing_lines": [185, 191, 192, 194, 212, 214], "excluded_lines": []}, "ProductService.get_trending_categories": {"executed_lines": [], "summary": {"covered_lines": 0, "num_statements": 3, "percent_covered": 0.0, "percent_covered_display": "0", "missing_lines": 3, "excluded_lines": 0}, "missing_lines": [223, 225, 230], "excluded_lines": []}, "ProductService.get_trending_products": {"executed_lines": [], "summary": {"covered_lines": 0, "num_statements": 3, "percent_covered": 0.0, "percent_covered_display": "0", "missing_lines": 3, "excluded_lines": 0}, "missing_lines": [234, 236, 241], "excluded_lines": []}, "ProductService.get_admin_stats": {"executed_lines": [], "summary": {"covered_lines": 0, "num_statements": 3, "percent_covered": 0.0, "percent_covered_display": "0", "missing_lines": 3, "excluded_lines": 0}, "missing_lines": [245, 247, 255], "excluded_lines": []}, "ProductService.get_storefront_data": {"executed_lines": [], "summary": {"covered_lines": 0, "num_statements": 8, "percent_covered": 0.0, "percent_covered_display": "0", "missing_lines": 8, "excluded_lines": 0}, "missing_lines": [275, 276, 286, 291, 300, 304, 305, 313], "excluded_lines": []}, "ProductService.check_product_exists": {"executed_lines": [], "summary": {"covered_lines": 0, "num_statements": 2, "percent_covered": 0.0, "percent_covered_display": "0", "missing_lines": 2, "excluded_lines": 0}, "missing_lines": [320, 321], "excluded_lines": []}, "": {"executed_lines": [1, 5, 6, 8, 9, 10, 11, 12, 13, 16, 17, 19, 22, 51, 64, 95, 113, 145, 175, 221, 232, 243, 257, 318], "summary": {"covered_lines": 22, "num_statements": 22, "percent_covered": 100.0, "percent_covered_display": "100", "missing_lines": 0, "excluded_lines": 0}, "missing_lines": [], "excluded_lines": []}}, "classes": {"ProductService": {"executed_lines": [], "summary": {"covered_lines": 0, "num_statements": 73, "percent_covered": 0.0, "percent_covered_display": "0", "missing_lines": 73, "excluded_lines": 0}, "missing_lines": [20, 25, 26, 29, 30, 31, 34, 36, 42, 49, 53, 54, 55, 57, 62, 67, 68, 71, 72, 73, 76, 77, 78, 80, 86, 93, 97, 98, 99, 101, 107, 116, 117, 118, 120, 121, 124, 125, 126, 132, 134, 143, 156, 157, 159, 165, 166, 168, 185, 191, 192, 194, 212, 214, 223, 225, 230, 234, 236, 241, 245, 247, 255, 275, 276, 286, 291, 300, 304, 305, 313, 320, 321], "excluded_lines": []}, "": {"executed_lines": [1, 5, 6, 8, 9, 10, 11, 12, 13, 16, 17, 19, 22, 51, 64, 95, 113, 145, 175, 221, 232, 243, 257, 318], "summary": {"covered_lines": 22, "num_statements": 22, "percent_covered": 100.0, "percent_covered_display": "100", "missing_lines": 0, "excluded_lines": 0}, "missing_lines": [], "excluded_lines": []}}}}, "totals": {"covered_lines": 819, "num_statements": 1565, "percent_covered": 52.33226837060703, "percent_covered_display": "52", "missing_lines": 746, "excluded_lines": 0}}